#-----------------------------------------------------------
# Vivado v2020.1 (64-bit)
# SW Build 2902540 on Wed May 27 19:54:49 MDT 2020
# IP Build 2902112 on Wed May 27 22:43:36 MDT 2020
# Start of session at: Fri Dec  6 15:38:40 2024
# Process ID: 25952
# Current directory: C:/Users/mu08984/Desktop/COMBINED/wasiq_magic/dld_project
# Command line: vivado.exe -gui_launcher_event rodinguilauncherevent31276 C:\Users\mu08984\Desktop\COMBINED\wasiq_magic\dld_project\dld_project.xpr
# Log file: C:/Users/mu08984/Desktop/COMBINED/wasiq_magic/dld_project/vivado.log
# Journal file: C:/Users/mu08984/Desktop/COMBINED/wasiq_magic/dld_project\vivado.jou
#-----------------------------------------------------------
start_gui
open_project C:/Users/mu08984/Desktop/COMBINED/wasiq_magic/dld_project/dld_project.xpr
INFO: [Project 1-313] Project file moved from 'C:/Users/mu08984/Desktop/wasiq_magic/dld_project' since last save.
Scanning sources...
Finished scanning sources
INFO: [IP_Flow 19-234] Refreshing IP repositories
INFO: [IP_Flow 19-1704] No user IP repositories specified
INFO: [IP_Flow 19-2313] Loaded Vivado IP repository 'C:/Xilinx/Vivado/2020.1/data/ip'.
update_compile_order -fileset sources_1
reset_run impl_1 -prev_step 
launch_runs impl_1 -to_step write_bitstream -jobs 10
[Fri Dec  6 16:03:54 2024] Launched impl_1...
Run output will be captured here: C:/Users/mu08984/Desktop/COMBINED/wasiq_magic/dld_project/dld_project.runs/impl_1/runme.log
open_hw_manager
connect_hw_server -allow_non_jtag
INFO: [Labtools 27-2285] Connecting to hw_server url TCP:localhost:3121
INFO: [Labtools 27-2222] Launching hw_server...
INFO: [Labtools 27-2221] Launch Output:

****** Xilinx hw_server v2020.1
  **** Build date : May 27 2020 at 20:24:38
    ** Copyright 1986-2020 Xilinx, Inc. All Rights Reserved.


INFO: [Labtools 27-3415] Connecting to cs_server url TCP:localhost:3042
INFO: [Labtools 27-3417] Launching cs_server...
INFO: [Labtools 27-2221] Launch Output:


****** Xilinx cs_server v2020.1.0
  **** Build date : May 14 2020-06:10:29
    ** Copyright 2017-2020 Xilinx, Inc. All Rights Reserved.



connect_hw_server: Time (s): cpu = 00:00:00 ; elapsed = 00:00:08 . Memory (MB): peak = 1024.500 ; gain = 0.000
open_hw_target
INFO: [Labtoolstcl 44-466] Opening hw_target localhost:3121/xilinx_tcf/Digilent/210183AF304FA
set_property PROGRAM.FILE {C:/Users/mu08984/Desktop/COMBINED/wasiq_magic/dld_project/dld_project.runs/impl_1/TopLevelModule.bit} [get_hw_devices xc7a35t_0]
current_hw_device [get_hw_devices xc7a35t_0]
refresh_hw_device -update_hw_probes false [lindex [get_hw_devices xc7a35t_0] 0]
INFO: [Labtools 27-1434] Device xc7a35t (JTAG device index = 0) is programmed with a design that has no supported debug core(s) in it.
set_property PROBES.FILE {} [get_hw_devices xc7a35t_0]
set_property FULL_PROBES.FILE {} [get_hw_devices xc7a35t_0]
set_property PROGRAM.FILE {C:/Users/mu08984/Desktop/COMBINED/wasiq_magic/dld_project/dld_project.runs/impl_1/TopLevelModule.bit} [get_hw_devices xc7a35t_0]
program_hw_devices [get_hw_devices xc7a35t_0]
INFO: [Labtools 27-3164] End of startup status: HIGH
refresh_hw_device [lindex [get_hw_devices xc7a35t_0] 0]
INFO: [Labtools 27-1434] Device xc7a35t (JTAG device index = 0) is programmed with a design that has no supported debug core(s) in it.
reset_run synth_1
launch_runs impl_1 -to_step write_bitstream -jobs 10
[Fri Dec  6 16:58:50 2024] Launched synth_1...
Run output will be captured here: C:/Users/mu08984/Desktop/COMBINED/wasiq_magic/dld_project/dld_project.runs/synth_1/runme.log
[Fri Dec  6 16:58:50 2024] Launched impl_1...
Run output will be captured here: C:/Users/mu08984/Desktop/COMBINED/wasiq_magic/dld_project/dld_project.runs/impl_1/runme.log
set_property PROBES.FILE {} [get_hw_devices xc7a35t_0]
set_property FULL_PROBES.FILE {} [get_hw_devices xc7a35t_0]
set_property PROGRAM.FILE {C:/Users/mu08984/Desktop/COMBINED/wasiq_magic/dld_project/dld_project.runs/impl_1/TopLevelModule.bit} [get_hw_devices xc7a35t_0]
program_hw_devices [get_hw_devices xc7a35t_0]
INFO: [Labtools 27-3164] End of startup status: HIGH
refresh_hw_device [lindex [get_hw_devices xc7a35t_0] 0]
INFO: [Labtools 27-1434] Device xc7a35t (JTAG device index = 0) is programmed with a design that has no supported debug core(s) in it.
reset_run synth_1
launch_runs impl_1 -to_step write_bitstream -jobs 10
[Fri Dec  6 17:06:52 2024] Launched synth_1...
Run output will be captured here: C:/Users/mu08984/Desktop/COMBINED/wasiq_magic/dld_project/dld_project.runs/synth_1/runme.log
[Fri Dec  6 17:06:52 2024] Launched impl_1...
Run output will be captured here: C:/Users/mu08984/Desktop/COMBINED/wasiq_magic/dld_project/dld_project.runs/impl_1/runme.log
set_property PROBES.FILE {} [get_hw_devices xc7a35t_0]
set_property FULL_PROBES.FILE {} [get_hw_devices xc7a35t_0]
set_property PROGRAM.FILE {C:/Users/mu08984/Desktop/COMBINED/wasiq_magic/dld_project/dld_project.runs/impl_1/TopLevelModule.bit} [get_hw_devices xc7a35t_0]
program_hw_devices [get_hw_devices xc7a35t_0]
INFO: [Labtools 27-3164] End of startup status: HIGH
refresh_hw_device [lindex [get_hw_devices xc7a35t_0] 0]
INFO: [Labtools 27-1434] Device xc7a35t (JTAG device index = 0) is programmed with a design that has no supported debug core(s) in it.
update_compile_order -fileset sources_1
update_compile_order -fileset sources_1
update_compile_order -fileset sources_1
update_compile_order -fileset sources_1
reset_run synth_1
launch_runs impl_1 -to_step write_bitstream -jobs 10
[Fri Dec  6 17:15:29 2024] Launched synth_1...
Run output will be captured here: C:/Users/mu08984/Desktop/COMBINED/wasiq_magic/dld_project/dld_project.runs/synth_1/runme.log
[Fri Dec  6 17:15:29 2024] Launched impl_1...
Run output will be captured here: C:/Users/mu08984/Desktop/COMBINED/wasiq_magic/dld_project/dld_project.runs/impl_1/runme.log
set_property PROBES.FILE {} [get_hw_devices xc7a35t_0]
set_property FULL_PROBES.FILE {} [get_hw_devices xc7a35t_0]
set_property PROGRAM.FILE {C:/Users/mu08984/Desktop/COMBINED/wasiq_magic/dld_project/dld_project.runs/impl_1/TopLevelModule.bit} [get_hw_devices xc7a35t_0]
program_hw_devices [get_hw_devices xc7a35t_0]
INFO: [Labtools 27-3164] End of startup status: HIGH
refresh_hw_device [lindex [get_hw_devices xc7a35t_0] 0]
INFO: [Labtools 27-1434] Device xc7a35t (JTAG device index = 0) is programmed with a design that has no supported debug core(s) in it.
reset_run synth_1
launch_runs impl_1 -to_step write_bitstream -jobs 10
[Fri Dec  6 17:24:13 2024] Launched synth_1...
Run output will be captured here: C:/Users/mu08984/Desktop/COMBINED/wasiq_magic/dld_project/dld_project.runs/synth_1/runme.log
[Fri Dec  6 17:24:13 2024] Launched impl_1...
Run output will be captured here: C:/Users/mu08984/Desktop/COMBINED/wasiq_magic/dld_project/dld_project.runs/impl_1/runme.log
set_property PROBES.FILE {} [get_hw_devices xc7a35t_0]
set_property FULL_PROBES.FILE {} [get_hw_devices xc7a35t_0]
set_property PROGRAM.FILE {C:/Users/mu08984/Desktop/COMBINED/wasiq_magic/dld_project/dld_project.runs/impl_1/TopLevelModule.bit} [get_hw_devices xc7a35t_0]
program_hw_devices [get_hw_devices xc7a35t_0]
INFO: [Labtools 27-3164] End of startup status: HIGH
refresh_hw_device [lindex [get_hw_devices xc7a35t_0] 0]
INFO: [Labtools 27-1434] Device xc7a35t (JTAG device index = 0) is programmed with a design that has no supported debug core(s) in it.
update_compile_order -fileset sources_1
update_compile_order -fileset sources_1
reset_run synth_1
launch_runs impl_1 -to_step write_bitstream -jobs 10
[Fri Dec  6 17:29:33 2024] Launched synth_1...
Run output will be captured here: C:/Users/mu08984/Desktop/COMBINED/wasiq_magic/dld_project/dld_project.runs/synth_1/runme.log
[Fri Dec  6 17:29:33 2024] Launched impl_1...
Run output will be captured here: C:/Users/mu08984/Desktop/COMBINED/wasiq_magic/dld_project/dld_project.runs/impl_1/runme.log
set_property PROBES.FILE {} [get_hw_devices xc7a35t_0]
set_property FULL_PROBES.FILE {} [get_hw_devices xc7a35t_0]
set_property PROGRAM.FILE {C:/Users/mu08984/Desktop/COMBINED/wasiq_magic/dld_project/dld_project.runs/impl_1/TopLevelModule.bit} [get_hw_devices xc7a35t_0]
program_hw_devices [get_hw_devices xc7a35t_0]
INFO: [Labtools 27-3164] End of startup status: HIGH
refresh_hw_device [lindex [get_hw_devices xc7a35t_0] 0]
INFO: [Labtools 27-1434] Device xc7a35t (JTAG device index = 0) is programmed with a design that has no supported debug core(s) in it.
set_property PROBES.FILE {} [get_hw_devices xc7a35t_0]
set_property FULL_PROBES.FILE {} [get_hw_devices xc7a35t_0]
set_property PROGRAM.FILE {C:/Users/mu08984/Desktop/COMBINED/wasiq_magic/dld_project/dld_project.runs/impl_1/TopLevelModule.bit} [get_hw_devices xc7a35t_0]
program_hw_devices [get_hw_devices xc7a35t_0]
INFO: [Labtools 27-3164] End of startup status: HIGH
refresh_hw_device [lindex [get_hw_devices xc7a35t_0] 0]
INFO: [Labtools 27-1434] Device xc7a35t (JTAG device index = 0) is programmed with a design that has no supported debug core(s) in it.
close [ open C:/Users/mu08984/Desktop/COMBINED/wasiq_magic/dld_project/dld_project.srcs/sources_1/new/scary_rom.v w ]
add_files C:/Users/mu08984/Desktop/COMBINED/wasiq_magic/dld_project/dld_project.srcs/sources_1/new/scary_rom.v
update_compile_order -fileset sources_1
update_compile_order -fileset sources_1
update_compile_order -fileset sources_1
reset_run synth_1
launch_runs impl_1 -to_step write_bitstream -jobs 10
[Fri Dec  6 17:54:14 2024] Launched synth_1...
Run output will be captured here: C:/Users/mu08984/Desktop/COMBINED/wasiq_magic/dld_project/dld_project.runs/synth_1/runme.log
[Fri Dec  6 17:54:14 2024] Launched impl_1...
Run output will be captured here: C:/Users/mu08984/Desktop/COMBINED/wasiq_magic/dld_project/dld_project.runs/impl_1/runme.log
set_property PROBES.FILE {} [get_hw_devices xc7a35t_0]
set_property FULL_PROBES.FILE {} [get_hw_devices xc7a35t_0]
set_property PROGRAM.FILE {C:/Users/mu08984/Desktop/COMBINED/wasiq_magic/dld_project/dld_project.runs/impl_1/TopLevelModule.bit} [get_hw_devices xc7a35t_0]
program_hw_devices [get_hw_devices xc7a35t_0]
INFO: [Labtools 27-3164] End of startup status: HIGH
refresh_hw_device [lindex [get_hw_devices xc7a35t_0] 0]
INFO: [Labtools 27-1434] Device xc7a35t (JTAG device index = 0) is programmed with a design that has no supported debug core(s) in it.
reset_run synth_1
launch_runs impl_1 -to_step write_bitstream -jobs 10
[Fri Dec  6 18:07:01 2024] Launched synth_1...
Run output will be captured here: C:/Users/mu08984/Desktop/COMBINED/wasiq_magic/dld_project/dld_project.runs/synth_1/runme.log
[Fri Dec  6 18:07:01 2024] Launched impl_1...
Run output will be captured here: C:/Users/mu08984/Desktop/COMBINED/wasiq_magic/dld_project/dld_project.runs/impl_1/runme.log
set_property PROBES.FILE {} [get_hw_devices xc7a35t_0]
set_property FULL_PROBES.FILE {} [get_hw_devices xc7a35t_0]
set_property PROGRAM.FILE {C:/Users/mu08984/Desktop/COMBINED/wasiq_magic/dld_project/dld_project.runs/impl_1/TopLevelModule.bit} [get_hw_devices xc7a35t_0]
program_hw_devices [get_hw_devices xc7a35t_0]
INFO: [Labtools 27-3164] End of startup status: HIGH
refresh_hw_device [lindex [get_hw_devices xc7a35t_0] 0]
INFO: [Labtools 27-1434] Device xc7a35t (JTAG device index = 0) is programmed with a design that has no supported debug core(s) in it.
update_compile_order -fileset sources_1
reset_run synth_1
launch_runs impl_1 -to_step write_bitstream -jobs 10
[Fri Dec  6 18:14:04 2024] Launched synth_1...
Run output will be captured here: C:/Users/mu08984/Desktop/COMBINED/wasiq_magic/dld_project/dld_project.runs/synth_1/runme.log
[Fri Dec  6 18:14:04 2024] Launched impl_1...
Run output will be captured here: C:/Users/mu08984/Desktop/COMBINED/wasiq_magic/dld_project/dld_project.runs/impl_1/runme.log
set_property PROBES.FILE {} [get_hw_devices xc7a35t_0]
set_property FULL_PROBES.FILE {} [get_hw_devices xc7a35t_0]
set_property PROGRAM.FILE {C:/Users/mu08984/Desktop/COMBINED/wasiq_magic/dld_project/dld_project.runs/impl_1/TopLevelModule.bit} [get_hw_devices xc7a35t_0]
program_hw_devices [get_hw_devices xc7a35t_0]
INFO: [Labtools 27-3164] End of startup status: HIGH
refresh_hw_device [lindex [get_hw_devices xc7a35t_0] 0]
INFO: [Labtools 27-1434] Device xc7a35t (JTAG device index = 0) is programmed with a design that has no supported debug core(s) in it.
undo
INFO: [Common 17-17] undo 'set_property PROGRAM.FILE {C:/Users/mu08984/Desktop/COMBINED/wasiq_magic/dld_project/dld_project.runs/impl_1/TopLevelModule.bit} [get_hw_devices xc7a35t_0]'
undo
INFO: [Common 17-17] undo 'set_property FULL_PROBES.FILE {} [get_hw_devices xc7a35t_0]'
undo
INFO: [Common 17-17] undo 'set_property PROBES.FILE {} [get_hw_devices xc7a35t_0]'
update_compile_order -fileset sources_1
reset_run synth_1
launch_runs impl_1 -to_step write_bitstream -jobs 10
[Fri Dec  6 18:17:38 2024] Launched synth_1...
Run output will be captured here: C:/Users/mu08984/Desktop/COMBINED/wasiq_magic/dld_project/dld_project.runs/synth_1/runme.log
[Fri Dec  6 18:17:38 2024] Launched impl_1...
Run output will be captured here: C:/Users/mu08984/Desktop/COMBINED/wasiq_magic/dld_project/dld_project.runs/impl_1/runme.log
reset_run synth_1
launch_runs impl_1 -to_step write_bitstream -jobs 10
[Fri Dec  6 18:18:28 2024] Launched synth_1...
Run output will be captured here: C:/Users/mu08984/Desktop/COMBINED/wasiq_magic/dld_project/dld_project.runs/synth_1/runme.log
[Fri Dec  6 18:18:28 2024] Launched impl_1...
Run output will be captured here: C:/Users/mu08984/Desktop/COMBINED/wasiq_magic/dld_project/dld_project.runs/impl_1/runme.log
update_compile_order -fileset sources_1
reset_run synth_1
launch_runs impl_1 -to_step write_bitstream -jobs 10
[Fri Dec  6 18:18:48 2024] Launched synth_1...
Run output will be captured here: C:/Users/mu08984/Desktop/COMBINED/wasiq_magic/dld_project/dld_project.runs/synth_1/runme.log
[Fri Dec  6 18:18:48 2024] Launched impl_1...
Run output will be captured here: C:/Users/mu08984/Desktop/COMBINED/wasiq_magic/dld_project/dld_project.runs/impl_1/runme.log
set_property PROBES.FILE {} [get_hw_devices xc7a35t_0]
set_property FULL_PROBES.FILE {} [get_hw_devices xc7a35t_0]
set_property PROGRAM.FILE {C:/Users/mu08984/Desktop/COMBINED/wasiq_magic/dld_project/dld_project.runs/impl_1/TopLevelModule.bit} [get_hw_devices xc7a35t_0]
program_hw_devices [get_hw_devices xc7a35t_0]
INFO: [Labtools 27-3164] End of startup status: HIGH
refresh_hw_device [lindex [get_hw_devices xc7a35t_0] 0]
INFO: [Labtools 27-1434] Device xc7a35t (JTAG device index = 0) is programmed with a design that has no supported debug core(s) in it.
close [ open C:/Users/mu08984/Desktop/COMBINED/wasiq_magic/dld_project/dld_project.srcs/sources_1/new/ground_rom.v w ]
add_files C:/Users/mu08984/Desktop/COMBINED/wasiq_magic/dld_project/dld_project.srcs/sources_1/new/ground_rom.v
update_compile_order -fileset sources_1
update_compile_order -fileset sources_1
reset_run synth_1
launch_runs impl_1 -to_step write_bitstream -jobs 10
[Fri Dec  6 18:26:28 2024] Launched synth_1...
Run output will be captured here: C:/Users/mu08984/Desktop/COMBINED/wasiq_magic/dld_project/dld_project.runs/synth_1/runme.log
[Fri Dec  6 18:26:28 2024] Launched impl_1...
Run output will be captured here: C:/Users/mu08984/Desktop/COMBINED/wasiq_magic/dld_project/dld_project.runs/impl_1/runme.log
set_property PROBES.FILE {} [get_hw_devices xc7a35t_0]
set_property FULL_PROBES.FILE {} [get_hw_devices xc7a35t_0]
set_property PROGRAM.FILE {C:/Users/mu08984/Desktop/COMBINED/wasiq_magic/dld_project/dld_project.runs/impl_1/TopLevelModule.bit} [get_hw_devices xc7a35t_0]
program_hw_devices [get_hw_devices xc7a35t_0]
INFO: [Labtools 27-3164] End of startup status: HIGH
refresh_hw_device [lindex [get_hw_devices xc7a35t_0] 0]
INFO: [Labtools 27-1434] Device xc7a35t (JTAG device index = 0) is programmed with a design that has no supported debug core(s) in it.
update_compile_order -fileset sources_1
update_compile_order -fileset sources_1
close [ open C:/Users/mu08984/Desktop/COMBINED/wasiq_magic/dld_project/dld_project.srcs/sources_1/new/dirt_rom.v w ]
add_files C:/Users/mu08984/Desktop/COMBINED/wasiq_magic/dld_project/dld_project.srcs/sources_1/new/dirt_rom.v
update_compile_order -fileset sources_1
update_compile_order -fileset sources_1
update_compile_order -fileset sources_1
reset_run synth_1
launch_runs impl_1 -to_step write_bitstream -jobs 10
[Fri Dec  6 18:40:03 2024] Launched synth_1...
Run output will be captured here: C:/Users/mu08984/Desktop/COMBINED/wasiq_magic/dld_project/dld_project.runs/synth_1/runme.log
[Fri Dec  6 18:40:03 2024] Launched impl_1...
Run output will be captured here: C:/Users/mu08984/Desktop/COMBINED/wasiq_magic/dld_project/dld_project.runs/impl_1/runme.log
set_property PROBES.FILE {} [get_hw_devices xc7a35t_0]
set_property FULL_PROBES.FILE {} [get_hw_devices xc7a35t_0]
set_property PROGRAM.FILE {C:/Users/mu08984/Desktop/COMBINED/wasiq_magic/dld_project/dld_project.runs/impl_1/TopLevelModule.bit} [get_hw_devices xc7a35t_0]
program_hw_devices [get_hw_devices xc7a35t_0]
INFO: [Labtools 27-3164] End of startup status: HIGH
refresh_hw_device [lindex [get_hw_devices xc7a35t_0] 0]
INFO: [Labtools 27-1434] Device xc7a35t (JTAG device index = 0) is programmed with a design that has no supported debug core(s) in it.
undo
INFO: [Common 17-17] undo 'set_property PROGRAM.FILE {C:/Users/mu08984/Desktop/COMBINED/wasiq_magic/dld_project/dld_project.runs/impl_1/TopLevelModule.bit} [get_hw_devices xc7a35t_0]'
update_compile_order -fileset sources_1
reset_run synth_1
launch_runs impl_1 -to_step write_bitstream -jobs 10
[Fri Dec  6 18:44:23 2024] Launched synth_1...
Run output will be captured here: C:/Users/mu08984/Desktop/COMBINED/wasiq_magic/dld_project/dld_project.runs/synth_1/runme.log
[Fri Dec  6 18:44:23 2024] Launched impl_1...
Run output will be captured here: C:/Users/mu08984/Desktop/COMBINED/wasiq_magic/dld_project/dld_project.runs/impl_1/runme.log
reset_run synth_1
launch_runs impl_1 -to_step write_bitstream -jobs 10
[Fri Dec  6 18:49:44 2024] Launched synth_1...
Run output will be captured here: C:/Users/mu08984/Desktop/COMBINED/wasiq_magic/dld_project/dld_project.runs/synth_1/runme.log
[Fri Dec  6 18:49:44 2024] Launched impl_1...
Run output will be captured here: C:/Users/mu08984/Desktop/COMBINED/wasiq_magic/dld_project/dld_project.runs/impl_1/runme.log
set_property PROBES.FILE {} [get_hw_devices xc7a35t_0]
set_property FULL_PROBES.FILE {} [get_hw_devices xc7a35t_0]
set_property PROGRAM.FILE {C:/Users/mu08984/Desktop/COMBINED/wasiq_magic/dld_project/dld_project.runs/impl_1/TopLevelModule.bit} [get_hw_devices xc7a35t_0]
program_hw_devices [get_hw_devices xc7a35t_0]
INFO: [Labtools 27-3164] End of startup status: HIGH
refresh_hw_device [lindex [get_hw_devices xc7a35t_0] 0]
INFO: [Labtools 27-1434] Device xc7a35t (JTAG device index = 0) is programmed with a design that has no supported debug core(s) in it.
set_property PROBES.FILE {} [get_hw_devices xc7a35t_0]
set_property FULL_PROBES.FILE {} [get_hw_devices xc7a35t_0]
set_property PROGRAM.FILE {C:/Users/mu08984/Desktop/COMBINED/wasiq_magic/dld_project/dld_project.runs/impl_1/TopLevelModule.bit} [get_hw_devices xc7a35t_0]
program_hw_devices [get_hw_devices xc7a35t_0]
INFO: [Labtools 27-3164] End of startup status: HIGH
refresh_hw_device [lindex [get_hw_devices xc7a35t_0] 0]
INFO: [Labtools 27-1434] Device xc7a35t (JTAG device index = 0) is programmed with a design that has no supported debug core(s) in it.
reset_run impl_1 -prev_step 
launch_runs impl_1 -to_step write_bitstream -jobs 10
[Fri Dec  6 18:52:53 2024] Launched impl_1...
Run output will be captured here: C:/Users/mu08984/Desktop/COMBINED/wasiq_magic/dld_project/dld_project.runs/impl_1/runme.log
set_property PROBES.FILE {} [get_hw_devices xc7a35t_0]
set_property FULL_PROBES.FILE {} [get_hw_devices xc7a35t_0]
set_property PROGRAM.FILE {C:/Users/mu08984/Desktop/COMBINED/wasiq_magic/dld_project/dld_project.runs/impl_1/TopLevelModule.bit} [get_hw_devices xc7a35t_0]
program_hw_devices [get_hw_devices xc7a35t_0]
INFO: [Labtools 27-3164] End of startup status: HIGH
refresh_hw_device [lindex [get_hw_devices xc7a35t_0] 0]
INFO: [Labtools 27-1434] Device xc7a35t (JTAG device index = 0) is programmed with a design that has no supported debug core(s) in it.
reset_run synth_1
launch_runs impl_1 -to_step write_bitstream -jobs 10
[Fri Dec  6 18:54:37 2024] Launched synth_1...
Run output will be captured here: C:/Users/mu08984/Desktop/COMBINED/wasiq_magic/dld_project/dld_project.runs/synth_1/runme.log
[Fri Dec  6 18:54:37 2024] Launched impl_1...
Run output will be captured here: C:/Users/mu08984/Desktop/COMBINED/wasiq_magic/dld_project/dld_project.runs/impl_1/runme.log
set_property PROBES.FILE {} [get_hw_devices xc7a35t_0]
set_property FULL_PROBES.FILE {} [get_hw_devices xc7a35t_0]
set_property PROGRAM.FILE {C:/Users/mu08984/Desktop/COMBINED/wasiq_magic/dld_project/dld_project.runs/impl_1/TopLevelModule.bit} [get_hw_devices xc7a35t_0]
program_hw_devices [get_hw_devices xc7a35t_0]
INFO: [Labtools 27-3164] End of startup status: HIGH
refresh_hw_device [lindex [get_hw_devices xc7a35t_0] 0]
INFO: [Labtools 27-1434] Device xc7a35t (JTAG device index = 0) is programmed with a design that has no supported debug core(s) in it.
ERROR: [Labtoolstcl 44-513] HW Target shutdown. Closing target: localhost:3121/xilinx_tcf/Digilent/210183AF304FA
exit
INFO: [Common 17-206] Exiting Vivado at Fri Dec  6 18:58:53 2024...
