#-----------------------------------------------------------
# Vivado v2020.1 (64-bit)
# SW Build 2902540 on Wed May 27 19:54:49 MDT 2020
# IP Build 2902112 on Wed May 27 22:43:36 MDT 2020
# Start of session at: Thu Dec 12 12:44:15 2024
# Process ID: 25320
# Current directory: C:/Users/mu08984/Desktop/WED_FINAL1/COMBINED/wasiq_magic/dld_project
# Command line: vivado.exe -gui_launcher_event rodinguilauncherevent26872 C:\Users\mu08984\Desktop\WED_FINAL1\COMBINED\wasiq_magic\dld_project\dld_project.xpr
# Log file: C:/Users/mu08984/Desktop/WED_FINAL1/COMBINED/wasiq_magic/dld_project/vivado.log
# Journal file: C:/Users/mu08984/Desktop/WED_FINAL1/COMBINED/wasiq_magic/dld_project\vivado.jou
#-----------------------------------------------------------
start_gui
open_project C:/Users/mu08984/Desktop/WED_FINAL1/COMBINED/wasiq_magic/dld_project/dld_project.xpr
INFO: [Project 1-313] Project file moved from 'C:/Users/mu08984/Desktop/COMBINED/wasiq_magic/dld_project' since last save.
Scanning sources...
Finished scanning sources
INFO: [IP_Flow 19-234] Refreshing IP repositories
INFO: [IP_Flow 19-1704] No user IP repositories specified
INFO: [IP_Flow 19-2313] Loaded Vivado IP repository 'C:/Xilinx/Vivado/2020.1/data/ip'.
update_compile_order -fileset sources_1
open_hw_manager
connect_hw_server -allow_non_jtag
INFO: [Labtools 27-2285] Connecting to hw_server url TCP:localhost:3121
INFO: [Labtools 27-3415] Connecting to cs_server url TCP:localhost:3042
INFO: [Labtools 27-3414] Connected to existing cs_server.
open_hw_target
INFO: [Labtoolstcl 44-466] Opening hw_target localhost:3121/xilinx_tcf/Digilent/210183AF304FA
set_property PROGRAM.FILE {C:/Users/mu08984/Desktop/WED_FINAL1/COMBINED/wasiq_magic/dld_project/dld_project.runs/impl_1/TopLevelModule.bit} [get_hw_devices xc7a35t_0]
current_hw_device [get_hw_devices xc7a35t_0]
refresh_hw_device -update_hw_probes false [lindex [get_hw_devices xc7a35t_0] 0]
INFO: [Labtools 27-1435] Device xc7a35t (JTAG device index = 0) is not programmed (DONE status = 0).
set_property PROBES.FILE {} [get_hw_devices xc7a35t_0]
set_property FULL_PROBES.FILE {} [get_hw_devices xc7a35t_0]
set_property PROGRAM.FILE {C:/Users/mu08984/Desktop/WED_FINAL1/COMBINED/wasiq_magic/dld_project/dld_project.runs/impl_1/TopLevelModule.bit} [get_hw_devices xc7a35t_0]
program_hw_devices [get_hw_devices xc7a35t_0]
INFO: [Labtools 27-3164] End of startup status: HIGH
refresh_hw_device [lindex [get_hw_devices xc7a35t_0] 0]
INFO: [Labtools 27-1434] Device xc7a35t (JTAG device index = 0) is programmed with a design that has no supported debug core(s) in it.
reset_run synth_1
launch_runs impl_1 -to_step write_bitstream -jobs 10
[Thu Dec 12 12:46:35 2024] Launched synth_1...
Run output will be captured here: C:/Users/mu08984/Desktop/WED_FINAL1/COMBINED/wasiq_magic/dld_project/dld_project.runs/synth_1/runme.log
[Thu Dec 12 12:46:35 2024] Launched impl_1...
Run output will be captured here: C:/Users/mu08984/Desktop/WED_FINAL1/COMBINED/wasiq_magic/dld_project/dld_project.runs/impl_1/runme.log
set_property PROBES.FILE {} [get_hw_devices xc7a35t_0]
set_property FULL_PROBES.FILE {} [get_hw_devices xc7a35t_0]
set_property PROGRAM.FILE {C:/Users/mu08984/Desktop/WED_FINAL1/COMBINED/wasiq_magic/dld_project/dld_project.runs/impl_1/TopLevelModule.bit} [get_hw_devices xc7a35t_0]
program_hw_devices [get_hw_devices xc7a35t_0]
INFO: [Labtools 27-3164] End of startup status: HIGH
refresh_hw_device [lindex [get_hw_devices xc7a35t_0] 0]
INFO: [Labtools 27-1434] Device xc7a35t (JTAG device index = 0) is programmed with a design that has no supported debug core(s) in it.
reset_run synth_1
launch_runs impl_1 -to_step write_bitstream -jobs 10
[Thu Dec 12 12:51:01 2024] Launched synth_1...
Run output will be captured here: C:/Users/mu08984/Desktop/WED_FINAL1/COMBINED/wasiq_magic/dld_project/dld_project.runs/synth_1/runme.log
[Thu Dec 12 12:51:01 2024] Launched impl_1...
Run output will be captured here: C:/Users/mu08984/Desktop/WED_FINAL1/COMBINED/wasiq_magic/dld_project/dld_project.runs/impl_1/runme.log
set_property PROBES.FILE {} [get_hw_devices xc7a35t_0]
set_property FULL_PROBES.FILE {} [get_hw_devices xc7a35t_0]
set_property PROGRAM.FILE {C:/Users/mu08984/Desktop/WED_FINAL1/COMBINED/wasiq_magic/dld_project/dld_project.runs/impl_1/TopLevelModule.bit} [get_hw_devices xc7a35t_0]
program_hw_devices [get_hw_devices xc7a35t_0]
INFO: [Labtools 27-3164] End of startup status: HIGH
refresh_hw_device [lindex [get_hw_devices xc7a35t_0] 0]
INFO: [Labtools 27-1434] Device xc7a35t (JTAG device index = 0) is programmed with a design that has no supported debug core(s) in it.
reset_run synth_1
launch_runs impl_1 -to_step write_bitstream -jobs 10
[Thu Dec 12 12:56:08 2024] Launched synth_1...
Run output will be captured here: C:/Users/mu08984/Desktop/WED_FINAL1/COMBINED/wasiq_magic/dld_project/dld_project.runs/synth_1/runme.log
[Thu Dec 12 12:56:08 2024] Launched impl_1...
Run output will be captured here: C:/Users/mu08984/Desktop/WED_FINAL1/COMBINED/wasiq_magic/dld_project/dld_project.runs/impl_1/runme.log
set_property PROBES.FILE {} [get_hw_devices xc7a35t_0]
set_property FULL_PROBES.FILE {} [get_hw_devices xc7a35t_0]
set_property PROGRAM.FILE {C:/Users/mu08984/Desktop/WED_FINAL1/COMBINED/wasiq_magic/dld_project/dld_project.runs/impl_1/TopLevelModule.bit} [get_hw_devices xc7a35t_0]
program_hw_devices [get_hw_devices xc7a35t_0]
INFO: [Labtools 27-3164] End of startup status: HIGH
refresh_hw_device [lindex [get_hw_devices xc7a35t_0] 0]
INFO: [Labtools 27-1434] Device xc7a35t (JTAG device index = 0) is programmed with a design that has no supported debug core(s) in it.
reset_run synth_1
launch_runs impl_1 -to_step write_bitstream -jobs 10
[Thu Dec 12 13:11:50 2024] Launched synth_1...
Run output will be captured here: C:/Users/mu08984/Desktop/WED_FINAL1/COMBINED/wasiq_magic/dld_project/dld_project.runs/synth_1/runme.log
[Thu Dec 12 13:11:50 2024] Launched impl_1...
Run output will be captured here: C:/Users/mu08984/Desktop/WED_FINAL1/COMBINED/wasiq_magic/dld_project/dld_project.runs/impl_1/runme.log
set_property PROBES.FILE {} [get_hw_devices xc7a35t_0]
set_property FULL_PROBES.FILE {} [get_hw_devices xc7a35t_0]
set_property PROGRAM.FILE {C:/Users/mu08984/Desktop/WED_FINAL1/COMBINED/wasiq_magic/dld_project/dld_project.runs/impl_1/TopLevelModule.bit} [get_hw_devices xc7a35t_0]
program_hw_devices [get_hw_devices xc7a35t_0]
INFO: [Labtools 27-3164] End of startup status: HIGH
refresh_hw_device [lindex [get_hw_devices xc7a35t_0] 0]
INFO: [Labtools 27-1434] Device xc7a35t (JTAG device index = 0) is programmed with a design that has no supported debug core(s) in it.
update_compile_order -fileset sources_1
ERROR: [Labtoolstcl 44-513] HW Target shutdown. Closing target: localhost:3121/xilinx_tcf/Digilent/210183AF304FA
INFO: [Labtoolstcl 44-466] Opening hw_target localhost:3121/xilinx_tcf/Digilent/210183AF304FA
INFO: [Labtools 27-1435] Device xc7a35t (JTAG device index = 0) is not programmed (DONE status = 0).
WARNING: [Labtoolstcl 44-129] No matching hw_ila_data was found.
refresh_hw_device [lindex [get_hw_devices xc7a35t_0] 0]
INFO: [Labtools 27-1435] Device xc7a35t (JTAG device index = 0) is not programmed (DONE status = 0).
reset_run synth_1
launch_runs impl_1 -to_step write_bitstream -jobs 10
[Thu Dec 12 13:20:15 2024] Launched synth_1...
Run output will be captured here: C:/Users/mu08984/Desktop/WED_FINAL1/COMBINED/wasiq_magic/dld_project/dld_project.runs/synth_1/runme.log
[Thu Dec 12 13:20:15 2024] Launched impl_1...
Run output will be captured here: C:/Users/mu08984/Desktop/WED_FINAL1/COMBINED/wasiq_magic/dld_project/dld_project.runs/impl_1/runme.log
reset_run synth_1
launch_runs impl_1 -to_step write_bitstream -jobs 10
[Thu Dec 12 13:21:12 2024] Launched synth_1...
Run output will be captured here: C:/Users/mu08984/Desktop/WED_FINAL1/COMBINED/wasiq_magic/dld_project/dld_project.runs/synth_1/runme.log
[Thu Dec 12 13:21:12 2024] Launched impl_1...
Run output will be captured here: C:/Users/mu08984/Desktop/WED_FINAL1/COMBINED/wasiq_magic/dld_project/dld_project.runs/impl_1/runme.log
update_compile_order -fileset sources_1
reset_run synth_1
launch_runs impl_1 -to_step write_bitstream -jobs 10
[Thu Dec 12 13:28:33 2024] Launched synth_1...
Run output will be captured here: C:/Users/mu08984/Desktop/WED_FINAL1/COMBINED/wasiq_magic/dld_project/dld_project.runs/synth_1/runme.log
[Thu Dec 12 13:28:33 2024] Launched impl_1...
Run output will be captured here: C:/Users/mu08984/Desktop/WED_FINAL1/COMBINED/wasiq_magic/dld_project/dld_project.runs/impl_1/runme.log
set_property PROBES.FILE {} [get_hw_devices xc7a35t_0]
set_property FULL_PROBES.FILE {} [get_hw_devices xc7a35t_0]
set_property PROGRAM.FILE {C:/Users/mu08984/Desktop/WED_FINAL1/COMBINED/wasiq_magic/dld_project/dld_project.runs/impl_1/TopLevelModule.bit} [get_hw_devices xc7a35t_0]
program_hw_devices [get_hw_devices xc7a35t_0]
INFO: [Labtools 27-3164] End of startup status: HIGH
refresh_hw_device [lindex [get_hw_devices xc7a35t_0] 0]
INFO: [Labtools 27-1434] Device xc7a35t (JTAG device index = 0) is programmed with a design that has no supported debug core(s) in it.
reset_run synth_1
launch_runs impl_1 -to_step write_bitstream -jobs 10
[Thu Dec 12 13:53:52 2024] Launched synth_1...
Run output will be captured here: C:/Users/mu08984/Desktop/WED_FINAL1/COMBINED/wasiq_magic/dld_project/dld_project.runs/synth_1/runme.log
[Thu Dec 12 13:53:52 2024] Launched impl_1...
Run output will be captured here: C:/Users/mu08984/Desktop/WED_FINAL1/COMBINED/wasiq_magic/dld_project/dld_project.runs/impl_1/runme.log
set_property PROBES.FILE {} [get_hw_devices xc7a35t_0]
set_property FULL_PROBES.FILE {} [get_hw_devices xc7a35t_0]
set_property PROGRAM.FILE {C:/Users/mu08984/Desktop/WED_FINAL1/COMBINED/wasiq_magic/dld_project/dld_project.runs/impl_1/TopLevelModule.bit} [get_hw_devices xc7a35t_0]
program_hw_devices [get_hw_devices xc7a35t_0]
INFO: [Labtools 27-3164] End of startup status: HIGH
refresh_hw_device [lindex [get_hw_devices xc7a35t_0] 0]
INFO: [Labtools 27-1434] Device xc7a35t (JTAG device index = 0) is programmed with a design that has no supported debug core(s) in it.
reset_run synth_1
launch_runs impl_1 -to_step write_bitstream -jobs 10
[Thu Dec 12 14:07:49 2024] Launched synth_1...
Run output will be captured here: C:/Users/mu08984/Desktop/WED_FINAL1/COMBINED/wasiq_magic/dld_project/dld_project.runs/synth_1/runme.log
[Thu Dec 12 14:07:49 2024] Launched impl_1...
Run output will be captured here: C:/Users/mu08984/Desktop/WED_FINAL1/COMBINED/wasiq_magic/dld_project/dld_project.runs/impl_1/runme.log
reset_run synth_1
WARNING: [Vivado 12-1017] Problems encountered:
1. Failed to delete one or more files in run directory C:/Users/mu08984/Desktop/WED_FINAL1/COMBINED/wasiq_magic/dld_project/dld_project.runs/synth_1

launch_runs impl_1 -to_step write_bitstream -jobs 10
[Thu Dec 12 14:12:08 2024] Launched synth_1...
Run output will be captured here: C:/Users/mu08984/Desktop/WED_FINAL1/COMBINED/wasiq_magic/dld_project/dld_project.runs/synth_1/runme.log
[Thu Dec 12 14:12:08 2024] Launched impl_1...
Run output will be captured here: C:/Users/mu08984/Desktop/WED_FINAL1/COMBINED/wasiq_magic/dld_project/dld_project.runs/impl_1/runme.log
set_property PROBES.FILE {} [get_hw_devices xc7a35t_0]
set_property FULL_PROBES.FILE {} [get_hw_devices xc7a35t_0]
set_property PROGRAM.FILE {C:/Users/mu08984/Desktop/WED_FINAL1/COMBINED/wasiq_magic/dld_project/dld_project.runs/impl_1/TopLevelModule.bit} [get_hw_devices xc7a35t_0]
program_hw_devices [get_hw_devices xc7a35t_0]
INFO: [Labtools 27-3164] End of startup status: HIGH
refresh_hw_device [lindex [get_hw_devices xc7a35t_0] 0]
INFO: [Labtools 27-1434] Device xc7a35t (JTAG device index = 0) is programmed with a design that has no supported debug core(s) in it.
reset_run synth_1
launch_runs impl_1 -to_step write_bitstream -jobs 10
[Thu Dec 12 14:21:53 2024] Launched synth_1...
Run output will be captured here: C:/Users/mu08984/Desktop/WED_FINAL1/COMBINED/wasiq_magic/dld_project/dld_project.runs/synth_1/runme.log
[Thu Dec 12 14:21:53 2024] Launched impl_1...
Run output will be captured here: C:/Users/mu08984/Desktop/WED_FINAL1/COMBINED/wasiq_magic/dld_project/dld_project.runs/impl_1/runme.log
set_property PROBES.FILE {} [get_hw_devices xc7a35t_0]
set_property FULL_PROBES.FILE {} [get_hw_devices xc7a35t_0]
set_property PROGRAM.FILE {C:/Users/mu08984/Desktop/WED_FINAL1/COMBINED/wasiq_magic/dld_project/dld_project.runs/impl_1/TopLevelModule.bit} [get_hw_devices xc7a35t_0]
program_hw_devices [get_hw_devices xc7a35t_0]
INFO: [Labtools 27-3164] End of startup status: HIGH
refresh_hw_device [lindex [get_hw_devices xc7a35t_0] 0]
INFO: [Labtools 27-1434] Device xc7a35t (JTAG device index = 0) is programmed with a design that has no supported debug core(s) in it.
reset_run synth_1
launch_runs impl_1 -to_step write_bitstream -jobs 10
[Thu Dec 12 14:40:48 2024] Launched synth_1...
Run output will be captured here: C:/Users/mu08984/Desktop/WED_FINAL1/COMBINED/wasiq_magic/dld_project/dld_project.runs/synth_1/runme.log
[Thu Dec 12 14:40:48 2024] Launched impl_1...
Run output will be captured here: C:/Users/mu08984/Desktop/WED_FINAL1/COMBINED/wasiq_magic/dld_project/dld_project.runs/impl_1/runme.log
set_property PROBES.FILE {} [get_hw_devices xc7a35t_0]
set_property FULL_PROBES.FILE {} [get_hw_devices xc7a35t_0]
set_property PROGRAM.FILE {C:/Users/mu08984/Desktop/WED_FINAL1/COMBINED/wasiq_magic/dld_project/dld_project.runs/impl_1/TopLevelModule.bit} [get_hw_devices xc7a35t_0]
program_hw_devices [get_hw_devices xc7a35t_0]
INFO: [Labtools 27-3164] End of startup status: HIGH
refresh_hw_device [lindex [get_hw_devices xc7a35t_0] 0]
INFO: [Labtools 27-1434] Device xc7a35t (JTAG device index = 0) is programmed with a design that has no supported debug core(s) in it.
reset_run synth_1
launch_runs impl_1 -to_step write_bitstream -jobs 10
[Thu Dec 12 14:57:55 2024] Launched synth_1...
Run output will be captured here: C:/Users/mu08984/Desktop/WED_FINAL1/COMBINED/wasiq_magic/dld_project/dld_project.runs/synth_1/runme.log
[Thu Dec 12 14:57:55 2024] Launched impl_1...
Run output will be captured here: C:/Users/mu08984/Desktop/WED_FINAL1/COMBINED/wasiq_magic/dld_project/dld_project.runs/impl_1/runme.log
set_property PROBES.FILE {} [get_hw_devices xc7a35t_0]
set_property FULL_PROBES.FILE {} [get_hw_devices xc7a35t_0]
set_property PROGRAM.FILE {C:/Users/mu08984/Desktop/WED_FINAL1/COMBINED/wasiq_magic/dld_project/dld_project.runs/impl_1/TopLevelModule.bit} [get_hw_devices xc7a35t_0]
program_hw_devices [get_hw_devices xc7a35t_0]
INFO: [Labtools 27-3164] End of startup status: HIGH
refresh_hw_device [lindex [get_hw_devices xc7a35t_0] 0]
INFO: [Labtools 27-1434] Device xc7a35t (JTAG device index = 0) is programmed with a design that has no supported debug core(s) in it.
reset_run synth_1
launch_runs impl_1 -to_step write_bitstream -jobs 10
[Thu Dec 12 15:01:40 2024] Launched synth_1...
Run output will be captured here: C:/Users/mu08984/Desktop/WED_FINAL1/COMBINED/wasiq_magic/dld_project/dld_project.runs/synth_1/runme.log
[Thu Dec 12 15:01:40 2024] Launched impl_1...
Run output will be captured here: C:/Users/mu08984/Desktop/WED_FINAL1/COMBINED/wasiq_magic/dld_project/dld_project.runs/impl_1/runme.log
set_property PROBES.FILE {} [get_hw_devices xc7a35t_0]
set_property FULL_PROBES.FILE {} [get_hw_devices xc7a35t_0]
set_property PROGRAM.FILE {C:/Users/mu08984/Desktop/WED_FINAL1/COMBINED/wasiq_magic/dld_project/dld_project.runs/impl_1/TopLevelModule.bit} [get_hw_devices xc7a35t_0]
program_hw_devices [get_hw_devices xc7a35t_0]
INFO: [Labtools 27-3164] End of startup status: HIGH
refresh_hw_device [lindex [get_hw_devices xc7a35t_0] 0]
INFO: [Labtools 27-1434] Device xc7a35t (JTAG device index = 0) is programmed with a design that has no supported debug core(s) in it.
reset_run synth_1
launch_runs impl_1 -to_step write_bitstream -jobs 10
[Thu Dec 12 15:08:16 2024] Launched synth_1...
Run output will be captured here: C:/Users/mu08984/Desktop/WED_FINAL1/COMBINED/wasiq_magic/dld_project/dld_project.runs/synth_1/runme.log
[Thu Dec 12 15:08:16 2024] Launched impl_1...
Run output will be captured here: C:/Users/mu08984/Desktop/WED_FINAL1/COMBINED/wasiq_magic/dld_project/dld_project.runs/impl_1/runme.log
reset_run synth_1
launch_runs impl_1 -to_step write_bitstream -jobs 10
[Thu Dec 12 15:08:50 2024] Launched synth_1...
Run output will be captured here: C:/Users/mu08984/Desktop/WED_FINAL1/COMBINED/wasiq_magic/dld_project/dld_project.runs/synth_1/runme.log
[Thu Dec 12 15:08:50 2024] Launched impl_1...
Run output will be captured here: C:/Users/mu08984/Desktop/WED_FINAL1/COMBINED/wasiq_magic/dld_project/dld_project.runs/impl_1/runme.log
set_property PROBES.FILE {} [get_hw_devices xc7a35t_0]
set_property FULL_PROBES.FILE {} [get_hw_devices xc7a35t_0]
set_property PROGRAM.FILE {C:/Users/mu08984/Desktop/WED_FINAL1/COMBINED/wasiq_magic/dld_project/dld_project.runs/impl_1/TopLevelModule.bit} [get_hw_devices xc7a35t_0]
program_hw_devices [get_hw_devices xc7a35t_0]
INFO: [Labtools 27-3164] End of startup status: HIGH
refresh_hw_device [lindex [get_hw_devices xc7a35t_0] 0]
INFO: [Labtools 27-1434] Device xc7a35t (JTAG device index = 0) is programmed with a design that has no supported debug core(s) in it.
reset_run synth_1
launch_runs impl_1 -to_step write_bitstream -jobs 10
[Thu Dec 12 15:13:37 2024] Launched synth_1...
Run output will be captured here: C:/Users/mu08984/Desktop/WED_FINAL1/COMBINED/wasiq_magic/dld_project/dld_project.runs/synth_1/runme.log
[Thu Dec 12 15:13:37 2024] Launched impl_1...
Run output will be captured here: C:/Users/mu08984/Desktop/WED_FINAL1/COMBINED/wasiq_magic/dld_project/dld_project.runs/impl_1/runme.log
set_property PROBES.FILE {} [get_hw_devices xc7a35t_0]
set_property FULL_PROBES.FILE {} [get_hw_devices xc7a35t_0]
set_property PROGRAM.FILE {C:/Users/mu08984/Desktop/WED_FINAL1/COMBINED/wasiq_magic/dld_project/dld_project.runs/impl_1/TopLevelModule.bit} [get_hw_devices xc7a35t_0]
program_hw_devices [get_hw_devices xc7a35t_0]
INFO: [Labtools 27-3164] End of startup status: HIGH
refresh_hw_device [lindex [get_hw_devices xc7a35t_0] 0]
INFO: [Labtools 27-1434] Device xc7a35t (JTAG device index = 0) is programmed with a design that has no supported debug core(s) in it.
reset_run synth_1
launch_runs impl_1 -to_step write_bitstream -jobs 10
[Thu Dec 12 15:17:57 2024] Launched synth_1...
Run output will be captured here: C:/Users/mu08984/Desktop/WED_FINAL1/COMBINED/wasiq_magic/dld_project/dld_project.runs/synth_1/runme.log
[Thu Dec 12 15:17:57 2024] Launched impl_1...
Run output will be captured here: C:/Users/mu08984/Desktop/WED_FINAL1/COMBINED/wasiq_magic/dld_project/dld_project.runs/impl_1/runme.log
set_property PROBES.FILE {} [get_hw_devices xc7a35t_0]
set_property FULL_PROBES.FILE {} [get_hw_devices xc7a35t_0]
set_property PROGRAM.FILE {C:/Users/mu08984/Desktop/WED_FINAL1/COMBINED/wasiq_magic/dld_project/dld_project.runs/impl_1/TopLevelModule.bit} [get_hw_devices xc7a35t_0]
program_hw_devices [get_hw_devices xc7a35t_0]
INFO: [Labtools 27-3164] End of startup status: HIGH
refresh_hw_device [lindex [get_hw_devices xc7a35t_0] 0]
INFO: [Labtools 27-1434] Device xc7a35t (JTAG device index = 0) is programmed with a design that has no supported debug core(s) in it.
reset_run synth_1
launch_runs impl_1 -to_step write_bitstream -jobs 10
[Thu Dec 12 15:22:22 2024] Launched synth_1...
Run output will be captured here: C:/Users/mu08984/Desktop/WED_FINAL1/COMBINED/wasiq_magic/dld_project/dld_project.runs/synth_1/runme.log
[Thu Dec 12 15:22:22 2024] Launched impl_1...
Run output will be captured here: C:/Users/mu08984/Desktop/WED_FINAL1/COMBINED/wasiq_magic/dld_project/dld_project.runs/impl_1/runme.log
set_property PROBES.FILE {} [get_hw_devices xc7a35t_0]
set_property FULL_PROBES.FILE {} [get_hw_devices xc7a35t_0]
set_property PROGRAM.FILE {C:/Users/mu08984/Desktop/WED_FINAL1/COMBINED/wasiq_magic/dld_project/dld_project.runs/impl_1/TopLevelModule.bit} [get_hw_devices xc7a35t_0]
program_hw_devices [get_hw_devices xc7a35t_0]
INFO: [Labtools 27-3164] End of startup status: HIGH
refresh_hw_device [lindex [get_hw_devices xc7a35t_0] 0]
INFO: [Labtools 27-1434] Device xc7a35t (JTAG device index = 0) is programmed with a design that has no supported debug core(s) in it.
set_property PROBES.FILE {} [get_hw_devices xc7a35t_0]
set_property FULL_PROBES.FILE {} [get_hw_devices xc7a35t_0]
set_property PROGRAM.FILE {C:/Users/mu08984/Desktop/WED_FINAL1/COMBINED/wasiq_magic/dld_project/dld_project.runs/impl_1/TopLevelModule.bit} [get_hw_devices xc7a35t_0]
program_hw_devices [get_hw_devices xc7a35t_0]
INFO: [Labtools 27-3164] End of startup status: HIGH
refresh_hw_device [lindex [get_hw_devices xc7a35t_0] 0]
INFO: [Labtools 27-1434] Device xc7a35t (JTAG device index = 0) is programmed with a design that has no supported debug core(s) in it.
reset_run impl_1 -prev_step 
launch_runs impl_1 -to_step write_bitstream -jobs 10
[Thu Dec 12 15:25:57 2024] Launched impl_1...
Run output will be captured here: C:/Users/mu08984/Desktop/WED_FINAL1/COMBINED/wasiq_magic/dld_project/dld_project.runs/impl_1/runme.log
set_property PROBES.FILE {} [get_hw_devices xc7a35t_0]
set_property FULL_PROBES.FILE {} [get_hw_devices xc7a35t_0]
set_property PROGRAM.FILE {C:/Users/mu08984/Desktop/WED_FINAL1/COMBINED/wasiq_magic/dld_project/dld_project.runs/impl_1/TopLevelModule.bit} [get_hw_devices xc7a35t_0]
program_hw_devices [get_hw_devices xc7a35t_0]
INFO: [Labtools 27-3164] End of startup status: HIGH
refresh_hw_device [lindex [get_hw_devices xc7a35t_0] 0]
INFO: [Labtools 27-1434] Device xc7a35t (JTAG device index = 0) is programmed with a design that has no supported debug core(s) in it.
set_property PROBES.FILE {} [get_hw_devices xc7a35t_0]
set_property FULL_PROBES.FILE {} [get_hw_devices xc7a35t_0]
set_property PROGRAM.FILE {C:/Users/mu08984/Desktop/WED_FINAL1/COMBINED/wasiq_magic/dld_project/dld_project.runs/impl_1/TopLevelModule.bit} [get_hw_devices xc7a35t_0]
program_hw_devices [get_hw_devices xc7a35t_0]
INFO: [Labtools 27-3164] End of startup status: HIGH
refresh_hw_device [lindex [get_hw_devices xc7a35t_0] 0]
INFO: [Labtools 27-1434] Device xc7a35t (JTAG device index = 0) is programmed with a design that has no supported debug core(s) in it.
reset_run synth_1
launch_runs impl_1 -to_step write_bitstream -jobs 10
[Thu Dec 12 15:28:01 2024] Launched synth_1...
Run output will be captured here: C:/Users/mu08984/Desktop/WED_FINAL1/COMBINED/wasiq_magic/dld_project/dld_project.runs/synth_1/runme.log
[Thu Dec 12 15:28:01 2024] Launched impl_1...
Run output will be captured here: C:/Users/mu08984/Desktop/WED_FINAL1/COMBINED/wasiq_magic/dld_project/dld_project.runs/impl_1/runme.log
set_property PROBES.FILE {} [get_hw_devices xc7a35t_0]
set_property FULL_PROBES.FILE {} [get_hw_devices xc7a35t_0]
set_property PROGRAM.FILE {C:/Users/mu08984/Desktop/WED_FINAL1/COMBINED/wasiq_magic/dld_project/dld_project.runs/impl_1/TopLevelModule.bit} [get_hw_devices xc7a35t_0]
program_hw_devices [get_hw_devices xc7a35t_0]
INFO: [Labtools 27-3164] End of startup status: HIGH
refresh_hw_device [lindex [get_hw_devices xc7a35t_0] 0]
INFO: [Labtools 27-1434] Device xc7a35t (JTAG device index = 0) is programmed with a design that has no supported debug core(s) in it.
reset_run synth_1
launch_runs impl_1 -to_step write_bitstream -jobs 10
[Thu Dec 12 15:32:02 2024] Launched synth_1...
Run output will be captured here: C:/Users/mu08984/Desktop/WED_FINAL1/COMBINED/wasiq_magic/dld_project/dld_project.runs/synth_1/runme.log
[Thu Dec 12 15:32:02 2024] Launched impl_1...
Run output will be captured here: C:/Users/mu08984/Desktop/WED_FINAL1/COMBINED/wasiq_magic/dld_project/dld_project.runs/impl_1/runme.log
set_property PROBES.FILE {} [get_hw_devices xc7a35t_0]
set_property FULL_PROBES.FILE {} [get_hw_devices xc7a35t_0]
set_property PROGRAM.FILE {C:/Users/mu08984/Desktop/WED_FINAL1/COMBINED/wasiq_magic/dld_project/dld_project.runs/impl_1/TopLevelModule.bit} [get_hw_devices xc7a35t_0]
program_hw_devices [get_hw_devices xc7a35t_0]
INFO: [Labtools 27-3164] End of startup status: HIGH
refresh_hw_device [lindex [get_hw_devices xc7a35t_0] 0]
INFO: [Labtools 27-1434] Device xc7a35t (JTAG device index = 0) is programmed with a design that has no supported debug core(s) in it.
reset_run synth_1
launch_runs impl_1 -to_step write_bitstream -jobs 10
[Thu Dec 12 15:41:50 2024] Launched synth_1...
Run output will be captured here: C:/Users/mu08984/Desktop/WED_FINAL1/COMBINED/wasiq_magic/dld_project/dld_project.runs/synth_1/runme.log
[Thu Dec 12 15:41:50 2024] Launched impl_1...
Run output will be captured here: C:/Users/mu08984/Desktop/WED_FINAL1/COMBINED/wasiq_magic/dld_project/dld_project.runs/impl_1/runme.log
reset_run synth_1
launch_runs impl_1 -to_step write_bitstream -jobs 10
[Thu Dec 12 15:44:30 2024] Launched synth_1...
Run output will be captured here: C:/Users/mu08984/Desktop/WED_FINAL1/COMBINED/wasiq_magic/dld_project/dld_project.runs/synth_1/runme.log
[Thu Dec 12 15:44:30 2024] Launched impl_1...
Run output will be captured here: C:/Users/mu08984/Desktop/WED_FINAL1/COMBINED/wasiq_magic/dld_project/dld_project.runs/impl_1/runme.log
set_property PROBES.FILE {} [get_hw_devices xc7a35t_0]
set_property FULL_PROBES.FILE {} [get_hw_devices xc7a35t_0]
set_property PROGRAM.FILE {C:/Users/mu08984/Desktop/WED_FINAL1/COMBINED/wasiq_magic/dld_project/dld_project.runs/impl_1/TopLevelModule.bit} [get_hw_devices xc7a35t_0]
program_hw_devices [get_hw_devices xc7a35t_0]
INFO: [Labtools 27-3164] End of startup status: HIGH
refresh_hw_device [lindex [get_hw_devices xc7a35t_0] 0]
INFO: [Labtools 27-1434] Device xc7a35t (JTAG device index = 0) is programmed with a design that has no supported debug core(s) in it.
exit
INFO: [Common 17-206] Exiting Vivado at Thu Dec 12 15:48:57 2024...
