#-----------------------------------------------------------
# Vivado v2020.1 (64-bit)
# SW Build 2902540 on Wed May 27 19:54:49 MDT 2020
# IP Build 2902112 on Wed May 27 22:43:36 MDT 2020
# Start of session at: Wed Dec 11 16:22:02 2024
# Process ID: 21532
# Current directory: C:/Users/mu08984/Desktop/COMBINED/wasiq_magic/dld_project
# Command line: vivado.exe -gui_launcher_event rodinguilauncherevent28792 C:\Users\mu08984\Desktop\COMBINED\wasiq_magic\dld_project\dld_project.xpr
# Log file: C:/Users/mu08984/Desktop/COMBINED/wasiq_magic/dld_project/vivado.log
# Journal file: C:/Users/mu08984/Desktop/COMBINED/wasiq_magic/dld_project\vivado.jou
#-----------------------------------------------------------
start_gui
open_project C:/Users/mu08984/Desktop/COMBINED/wasiq_magic/dld_project/dld_project.xpr
Scanning sources...
Finished scanning sources
INFO: [IP_Flow 19-234] Refreshing IP repositories
INFO: [IP_Flow 19-1704] No user IP repositories specified
INFO: [IP_Flow 19-2313] Loaded Vivado IP repository 'C:/Xilinx/Vivado/2020.1/data/ip'.
update_compile_order -fileset sources_1
close [ open C:/Users/mu08984/Desktop/COMBINED/wasiq_magic/dld_project/dld_project.srcs/sources_1/new/PS2.v w ]
add_files C:/Users/mu08984/Desktop/COMBINED/wasiq_magic/dld_project/dld_project.srcs/sources_1/new/PS2.v
close [ open C:/Users/mu08984/Desktop/COMBINED/wasiq_magic/dld_project/dld_project.srcs/sources_1/new/debounce2.v w ]
add_files C:/Users/mu08984/Desktop/COMBINED/wasiq_magic/dld_project/dld_project.srcs/sources_1/new/debounce2.v
update_compile_order -fileset sources_1
reset_run synth_1
launch_runs impl_1 -to_step write_bitstream -jobs 10
[Wed Dec 11 16:34:34 2024] Launched synth_1...
Run output will be captured here: C:/Users/mu08984/Desktop/COMBINED/wasiq_magic/dld_project/dld_project.runs/synth_1/runme.log
[Wed Dec 11 16:34:34 2024] Launched impl_1...
Run output will be captured here: C:/Users/mu08984/Desktop/COMBINED/wasiq_magic/dld_project/dld_project.runs/impl_1/runme.log
update_compile_order -fileset sources_1
reset_run synth_1
launch_runs impl_1 -to_step write_bitstream -jobs 10
[Wed Dec 11 16:35:44 2024] Launched synth_1...
Run output will be captured here: C:/Users/mu08984/Desktop/COMBINED/wasiq_magic/dld_project/dld_project.runs/synth_1/runme.log
[Wed Dec 11 16:35:44 2024] Launched impl_1...
Run output will be captured here: C:/Users/mu08984/Desktop/COMBINED/wasiq_magic/dld_project/dld_project.runs/impl_1/runme.log
open_hw_manager
connect_hw_server -allow_non_jtag
INFO: [Labtools 27-2285] Connecting to hw_server url TCP:localhost:3121
INFO: [Labtools 27-3415] Connecting to cs_server url TCP:localhost:3042
INFO: [Labtools 27-3414] Connected to existing cs_server.
open_hw_target
INFO: [Labtoolstcl 44-466] Opening hw_target localhost:3121/xilinx_tcf/Digilent/210183AF304FA
set_property PROGRAM.FILE {C:/Users/mu08984/Desktop/COMBINED/wasiq_magic/dld_project/dld_project.runs/impl_1/TopLevelModule.bit} [get_hw_devices xc7a35t_0]
current_hw_device [get_hw_devices xc7a35t_0]
refresh_hw_device -update_hw_probes false [lindex [get_hw_devices xc7a35t_0] 0]
INFO: [Labtools 27-1435] Device xc7a35t (JTAG device index = 0) is not programmed (DONE status = 0).
set_property PROBES.FILE {} [get_hw_devices xc7a35t_0]
set_property FULL_PROBES.FILE {} [get_hw_devices xc7a35t_0]
set_property PROGRAM.FILE {C:/Users/mu08984/Desktop/COMBINED/wasiq_magic/dld_project/dld_project.runs/impl_1/TopLevelModule.bit} [get_hw_devices xc7a35t_0]
program_hw_devices [get_hw_devices xc7a35t_0]
INFO: [Labtools 27-3164] End of startup status: HIGH
refresh_hw_device [lindex [get_hw_devices xc7a35t_0] 0]
INFO: [Labtools 27-1434] Device xc7a35t (JTAG device index = 0) is programmed with a design that has no supported debug core(s) in it.
set_property PROBES.FILE {} [get_hw_devices xc7a35t_0]
set_property FULL_PROBES.FILE {} [get_hw_devices xc7a35t_0]
set_property PROGRAM.FILE {C:/Users/mu08984/Desktop/COMBINED/wasiq_magic/dld_project/dld_project.runs/impl_1/TopLevelModule.bit} [get_hw_devices xc7a35t_0]
program_hw_devices [get_hw_devices xc7a35t_0]
INFO: [Labtools 27-3164] End of startup status: HIGH
refresh_hw_device [lindex [get_hw_devices xc7a35t_0] 0]
INFO: [Labtools 27-1434] Device xc7a35t (JTAG device index = 0) is programmed with a design that has no supported debug core(s) in it.
reset_run synth_1
launch_runs impl_1 -to_step write_bitstream -jobs 10
[Wed Dec 11 16:43:40 2024] Launched synth_1...
Run output will be captured here: C:/Users/mu08984/Desktop/COMBINED/wasiq_magic/dld_project/dld_project.runs/synth_1/runme.log
[Wed Dec 11 16:43:40 2024] Launched impl_1...
Run output will be captured here: C:/Users/mu08984/Desktop/COMBINED/wasiq_magic/dld_project/dld_project.runs/impl_1/runme.log
set_property PROBES.FILE {} [get_hw_devices xc7a35t_0]
set_property FULL_PROBES.FILE {} [get_hw_devices xc7a35t_0]
set_property PROGRAM.FILE {C:/Users/mu08984/Desktop/COMBINED/wasiq_magic/dld_project/dld_project.runs/impl_1/TopLevelModule.bit} [get_hw_devices xc7a35t_0]
program_hw_devices [get_hw_devices xc7a35t_0]
INFO: [Labtools 27-3164] End of startup status: HIGH
refresh_hw_device [lindex [get_hw_devices xc7a35t_0] 0]
INFO: [Labtools 27-1434] Device xc7a35t (JTAG device index = 0) is programmed with a design that has no supported debug core(s) in it.
reset_run synth_1
launch_runs impl_1 -to_step write_bitstream -jobs 10
[Wed Dec 11 16:50:21 2024] Launched synth_1...
Run output will be captured here: C:/Users/mu08984/Desktop/COMBINED/wasiq_magic/dld_project/dld_project.runs/synth_1/runme.log
[Wed Dec 11 16:50:21 2024] Launched impl_1...
Run output will be captured here: C:/Users/mu08984/Desktop/COMBINED/wasiq_magic/dld_project/dld_project.runs/impl_1/runme.log
reset_run synth_1
launch_runs impl_1 -to_step write_bitstream -jobs 10
[Wed Dec 11 16:54:12 2024] Launched synth_1...
Run output will be captured here: C:/Users/mu08984/Desktop/COMBINED/wasiq_magic/dld_project/dld_project.runs/synth_1/runme.log
[Wed Dec 11 16:54:12 2024] Launched impl_1...
Run output will be captured here: C:/Users/mu08984/Desktop/COMBINED/wasiq_magic/dld_project/dld_project.runs/impl_1/runme.log
set_property PROBES.FILE {} [get_hw_devices xc7a35t_0]
set_property FULL_PROBES.FILE {} [get_hw_devices xc7a35t_0]
set_property PROGRAM.FILE {C:/Users/mu08984/Desktop/COMBINED/wasiq_magic/dld_project/dld_project.runs/impl_1/TopLevelModule.bit} [get_hw_devices xc7a35t_0]
program_hw_devices [get_hw_devices xc7a35t_0]
INFO: [Labtools 27-3164] End of startup status: HIGH
refresh_hw_device [lindex [get_hw_devices xc7a35t_0] 0]
INFO: [Labtools 27-1434] Device xc7a35t (JTAG device index = 0) is programmed with a design that has no supported debug core(s) in it.
set_property PROBES.FILE {} [get_hw_devices xc7a35t_0]
set_property FULL_PROBES.FILE {} [get_hw_devices xc7a35t_0]
set_property PROGRAM.FILE {C:/Users/mu08984/Desktop/COMBINED/wasiq_magic/dld_project/dld_project.runs/impl_1/TopLevelModule.bit} [get_hw_devices xc7a35t_0]
program_hw_devices [get_hw_devices xc7a35t_0]
INFO: [Labtools 27-3164] End of startup status: HIGH
refresh_hw_device [lindex [get_hw_devices xc7a35t_0] 0]
INFO: [Labtools 27-1434] Device xc7a35t (JTAG device index = 0) is programmed with a design that has no supported debug core(s) in it.
reset_run synth_1
launch_runs impl_1 -to_step write_bitstream -jobs 10
[Wed Dec 11 16:58:40 2024] Launched synth_1...
Run output will be captured here: C:/Users/mu08984/Desktop/COMBINED/wasiq_magic/dld_project/dld_project.runs/synth_1/runme.log
[Wed Dec 11 16:58:40 2024] Launched impl_1...
Run output will be captured here: C:/Users/mu08984/Desktop/COMBINED/wasiq_magic/dld_project/dld_project.runs/impl_1/runme.log
set_property PROBES.FILE {} [get_hw_devices xc7a35t_0]
set_property FULL_PROBES.FILE {} [get_hw_devices xc7a35t_0]
set_property PROGRAM.FILE {C:/Users/mu08984/Desktop/COMBINED/wasiq_magic/dld_project/dld_project.runs/impl_1/TopLevelModule.bit} [get_hw_devices xc7a35t_0]
program_hw_devices [get_hw_devices xc7a35t_0]
INFO: [Labtools 27-3164] End of startup status: HIGH
refresh_hw_device [lindex [get_hw_devices xc7a35t_0] 0]
INFO: [Labtools 27-1434] Device xc7a35t (JTAG device index = 0) is programmed with a design that has no supported debug core(s) in it.
set_property PROBES.FILE {} [get_hw_devices xc7a35t_0]
set_property FULL_PROBES.FILE {} [get_hw_devices xc7a35t_0]
set_property PROGRAM.FILE {C:/Users/mu08984/Desktop/COMBINED/wasiq_magic/dld_project/dld_project.runs/impl_1/TopLevelModule.bit} [get_hw_devices xc7a35t_0]
program_hw_devices [get_hw_devices xc7a35t_0]
INFO: [Labtools 27-3164] End of startup status: HIGH
refresh_hw_device [lindex [get_hw_devices xc7a35t_0] 0]
INFO: [Labtools 27-1434] Device xc7a35t (JTAG device index = 0) is programmed with a design that has no supported debug core(s) in it.
reset_run synth_1
launch_runs impl_1 -to_step write_bitstream -jobs 10
[Wed Dec 11 17:04:57 2024] Launched synth_1...
Run output will be captured here: C:/Users/mu08984/Desktop/COMBINED/wasiq_magic/dld_project/dld_project.runs/synth_1/runme.log
[Wed Dec 11 17:04:57 2024] Launched impl_1...
Run output will be captured here: C:/Users/mu08984/Desktop/COMBINED/wasiq_magic/dld_project/dld_project.runs/impl_1/runme.log
set_property PROBES.FILE {} [get_hw_devices xc7a35t_0]
set_property FULL_PROBES.FILE {} [get_hw_devices xc7a35t_0]
set_property PROGRAM.FILE {C:/Users/mu08984/Desktop/COMBINED/wasiq_magic/dld_project/dld_project.runs/impl_1/TopLevelModule.bit} [get_hw_devices xc7a35t_0]
program_hw_devices [get_hw_devices xc7a35t_0]
INFO: [Labtools 27-3164] End of startup status: HIGH
refresh_hw_device [lindex [get_hw_devices xc7a35t_0] 0]
INFO: [Labtools 27-1434] Device xc7a35t (JTAG device index = 0) is programmed with a design that has no supported debug core(s) in it.
reset_run synth_1
launch_runs impl_1 -to_step write_bitstream -jobs 10
[Wed Dec 11 17:08:55 2024] Launched synth_1...
Run output will be captured here: C:/Users/mu08984/Desktop/COMBINED/wasiq_magic/dld_project/dld_project.runs/synth_1/runme.log
[Wed Dec 11 17:08:55 2024] Launched impl_1...
Run output will be captured here: C:/Users/mu08984/Desktop/COMBINED/wasiq_magic/dld_project/dld_project.runs/impl_1/runme.log
set_property PROBES.FILE {} [get_hw_devices xc7a35t_0]
set_property FULL_PROBES.FILE {} [get_hw_devices xc7a35t_0]
set_property PROGRAM.FILE {C:/Users/mu08984/Desktop/COMBINED/wasiq_magic/dld_project/dld_project.runs/impl_1/TopLevelModule.bit} [get_hw_devices xc7a35t_0]
program_hw_devices [get_hw_devices xc7a35t_0]
INFO: [Labtools 27-3164] End of startup status: HIGH
refresh_hw_device [lindex [get_hw_devices xc7a35t_0] 0]
INFO: [Labtools 27-1434] Device xc7a35t (JTAG device index = 0) is programmed with a design that has no supported debug core(s) in it.
reset_run synth_1
launch_runs impl_1 -to_step write_bitstream -jobs 10
[Wed Dec 11 17:24:54 2024] Launched synth_1...
Run output will be captured here: C:/Users/mu08984/Desktop/COMBINED/wasiq_magic/dld_project/dld_project.runs/synth_1/runme.log
[Wed Dec 11 17:24:54 2024] Launched impl_1...
Run output will be captured here: C:/Users/mu08984/Desktop/COMBINED/wasiq_magic/dld_project/dld_project.runs/impl_1/runme.log
set_property PROBES.FILE {} [get_hw_devices xc7a35t_0]
set_property FULL_PROBES.FILE {} [get_hw_devices xc7a35t_0]
set_property PROGRAM.FILE {C:/Users/mu08984/Desktop/COMBINED/wasiq_magic/dld_project/dld_project.runs/impl_1/TopLevelModule.bit} [get_hw_devices xc7a35t_0]
program_hw_devices [get_hw_devices xc7a35t_0]
INFO: [Labtools 27-3164] End of startup status: HIGH
refresh_hw_device [lindex [get_hw_devices xc7a35t_0] 0]
INFO: [Labtools 27-1434] Device xc7a35t (JTAG device index = 0) is programmed with a design that has no supported debug core(s) in it.
set_property PROBES.FILE {} [get_hw_devices xc7a35t_0]
set_property FULL_PROBES.FILE {} [get_hw_devices xc7a35t_0]
set_property PROGRAM.FILE {C:/Users/mu08984/Desktop/COMBINED/wasiq_magic/dld_project/dld_project.runs/impl_1/TopLevelModule.bit} [get_hw_devices xc7a35t_0]
program_hw_devices [get_hw_devices xc7a35t_0]
INFO: [Common 17-41] Interrupt caught. Command should exit soon.
ERROR: [Labtools 27-3165] End of startup status: LOW
INFO: [Common 17-344] 'program_hw_devices' was cancelled
reset_run synth_1
launch_runs impl_1 -to_step write_bitstream -jobs 10
[Wed Dec 11 17:29:42 2024] Launched synth_1...
Run output will be captured here: C:/Users/mu08984/Desktop/COMBINED/wasiq_magic/dld_project/dld_project.runs/synth_1/runme.log
[Wed Dec 11 17:29:42 2024] Launched impl_1...
Run output will be captured here: C:/Users/mu08984/Desktop/COMBINED/wasiq_magic/dld_project/dld_project.runs/impl_1/runme.log
reset_run synth_1
launch_runs impl_1 -to_step write_bitstream -jobs 10
[Wed Dec 11 17:30:36 2024] Launched synth_1...
Run output will be captured here: C:/Users/mu08984/Desktop/COMBINED/wasiq_magic/dld_project/dld_project.runs/synth_1/runme.log
[Wed Dec 11 17:30:36 2024] Launched impl_1...
Run output will be captured here: C:/Users/mu08984/Desktop/COMBINED/wasiq_magic/dld_project/dld_project.runs/impl_1/runme.log
set_property PROBES.FILE {} [get_hw_devices xc7a35t_0]
set_property FULL_PROBES.FILE {} [get_hw_devices xc7a35t_0]
set_property PROGRAM.FILE {C:/Users/mu08984/Desktop/COMBINED/wasiq_magic/dld_project/dld_project.runs/impl_1/TopLevelModule.bit} [get_hw_devices xc7a35t_0]
program_hw_devices [get_hw_devices xc7a35t_0]
INFO: [Labtools 27-3164] End of startup status: HIGH
refresh_hw_device [lindex [get_hw_devices xc7a35t_0] 0]
INFO: [Labtools 27-1434] Device xc7a35t (JTAG device index = 0) is programmed with a design that has no supported debug core(s) in it.
set_property PROBES.FILE {} [get_hw_devices xc7a35t_0]
set_property FULL_PROBES.FILE {} [get_hw_devices xc7a35t_0]
set_property PROGRAM.FILE {C:/Users/mu08984/Desktop/COMBINED/wasiq_magic/dld_project/dld_project.runs/impl_1/TopLevelModule.bit} [get_hw_devices xc7a35t_0]
program_hw_devices [get_hw_devices xc7a35t_0]
INFO: [Labtools 27-3164] End of startup status: HIGH
refresh_hw_device [lindex [get_hw_devices xc7a35t_0] 0]
INFO: [Labtools 27-1434] Device xc7a35t (JTAG device index = 0) is programmed with a design that has no supported debug core(s) in it.
reset_run synth_1
launch_runs impl_1 -to_step write_bitstream -jobs 10
[Wed Dec 11 17:35:50 2024] Launched synth_1...
Run output will be captured here: C:/Users/mu08984/Desktop/COMBINED/wasiq_magic/dld_project/dld_project.runs/synth_1/runme.log
[Wed Dec 11 17:35:50 2024] Launched impl_1...
Run output will be captured here: C:/Users/mu08984/Desktop/COMBINED/wasiq_magic/dld_project/dld_project.runs/impl_1/runme.log
set_property PROBES.FILE {} [get_hw_devices xc7a35t_0]
set_property FULL_PROBES.FILE {} [get_hw_devices xc7a35t_0]
set_property PROGRAM.FILE {C:/Users/mu08984/Desktop/COMBINED/wasiq_magic/dld_project/dld_project.runs/impl_1/TopLevelModule.bit} [get_hw_devices xc7a35t_0]
program_hw_devices [get_hw_devices xc7a35t_0]
INFO: [Labtools 27-3164] End of startup status: HIGH
refresh_hw_device [lindex [get_hw_devices xc7a35t_0] 0]
INFO: [Labtools 27-1434] Device xc7a35t (JTAG device index = 0) is programmed with a design that has no supported debug core(s) in it.
set_property PROBES.FILE {} [get_hw_devices xc7a35t_0]
set_property FULL_PROBES.FILE {} [get_hw_devices xc7a35t_0]
set_property PROGRAM.FILE {C:/Users/mu08984/Desktop/COMBINED/wasiq_magic/dld_project/dld_project.runs/impl_1/TopLevelModule.bit} [get_hw_devices xc7a35t_0]
program_hw_devices [get_hw_devices xc7a35t_0]
INFO: [Labtools 27-3164] End of startup status: HIGH
refresh_hw_device [lindex [get_hw_devices xc7a35t_0] 0]
INFO: [Labtools 27-1434] Device xc7a35t (JTAG device index = 0) is programmed with a design that has no supported debug core(s) in it.
reset_run synth_1
launch_runs impl_1 -to_step write_bitstream -jobs 10
[Wed Dec 11 17:39:33 2024] Launched synth_1...
Run output will be captured here: C:/Users/mu08984/Desktop/COMBINED/wasiq_magic/dld_project/dld_project.runs/synth_1/runme.log
[Wed Dec 11 17:39:33 2024] Launched impl_1...
Run output will be captured here: C:/Users/mu08984/Desktop/COMBINED/wasiq_magic/dld_project/dld_project.runs/impl_1/runme.log
set_property PROBES.FILE {} [get_hw_devices xc7a35t_0]
set_property FULL_PROBES.FILE {} [get_hw_devices xc7a35t_0]
set_property PROGRAM.FILE {C:/Users/mu08984/Desktop/COMBINED/wasiq_magic/dld_project/dld_project.runs/impl_1/TopLevelModule.bit} [get_hw_devices xc7a35t_0]
program_hw_devices [get_hw_devices xc7a35t_0]
INFO: [Labtools 27-3164] End of startup status: HIGH
refresh_hw_device [lindex [get_hw_devices xc7a35t_0] 0]
INFO: [Labtools 27-1434] Device xc7a35t (JTAG device index = 0) is programmed with a design that has no supported debug core(s) in it.
set_property PROBES.FILE {} [get_hw_devices xc7a35t_0]
set_property FULL_PROBES.FILE {} [get_hw_devices xc7a35t_0]
set_property PROGRAM.FILE {C:/Users/mu08984/Desktop/COMBINED/wasiq_magic/dld_project/dld_project.runs/impl_1/TopLevelModule.bit} [get_hw_devices xc7a35t_0]
program_hw_devices [get_hw_devices xc7a35t_0]
INFO: [Labtools 27-3164] End of startup status: HIGH
refresh_hw_device [lindex [get_hw_devices xc7a35t_0] 0]
INFO: [Labtools 27-1434] Device xc7a35t (JTAG device index = 0) is programmed with a design that has no supported debug core(s) in it.
reset_run synth_1
launch_runs impl_1 -to_step write_bitstream -jobs 10
[Wed Dec 11 17:43:13 2024] Launched synth_1...
Run output will be captured here: C:/Users/mu08984/Desktop/COMBINED/wasiq_magic/dld_project/dld_project.runs/synth_1/runme.log
[Wed Dec 11 17:43:13 2024] Launched impl_1...
Run output will be captured here: C:/Users/mu08984/Desktop/COMBINED/wasiq_magic/dld_project/dld_project.runs/impl_1/runme.log
set_property PROBES.FILE {} [get_hw_devices xc7a35t_0]
set_property FULL_PROBES.FILE {} [get_hw_devices xc7a35t_0]
set_property PROGRAM.FILE {C:/Users/mu08984/Desktop/COMBINED/wasiq_magic/dld_project/dld_project.runs/impl_1/TopLevelModule.bit} [get_hw_devices xc7a35t_0]
program_hw_devices [get_hw_devices xc7a35t_0]
INFO: [Labtools 27-3164] End of startup status: HIGH
refresh_hw_device [lindex [get_hw_devices xc7a35t_0] 0]
INFO: [Labtools 27-1434] Device xc7a35t (JTAG device index = 0) is programmed with a design that has no supported debug core(s) in it.
exit
INFO: [Common 17-206] Exiting Vivado at Wed Dec 11 17:47:23 2024...
