#-----------------------------------------------------------
# Vivado v2020.1 (64-bit)
# SW Build 2902540 on Wed May 27 19:54:49 MDT 2020
# IP Build 2902112 on Wed May 27 22:43:36 MDT 2020
# Start of session at: Thu Dec 12 22:33:03 2024
# Process ID: 8568
# Current directory: C:/Users/salty/OneDrive/Desktop/WED_FINAL1/COMBINED/wasiq_magic/dld_project
# Command line: vivado.exe -gui_launcher_event rodinguilauncherevent19956 C:\Users\salty\OneDrive\Desktop\WED_FINAL1\COMBINED\wasiq_magic\dld_project\dld_project.xpr
# Log file: C:/Users/salty/OneDrive/Desktop/WED_FINAL1/COMBINED/wasiq_magic/dld_project/vivado.log
# Journal file: C:/Users/salty/OneDrive/Desktop/WED_FINAL1/COMBINED/wasiq_magic/dld_project\vivado.jou
#-----------------------------------------------------------
start_gui
open_project C:/Users/salty/OneDrive/Desktop/WED_FINAL1/COMBINED/wasiq_magic/dld_project/dld_project.xpr
INFO: [Project 1-313] Project file moved from 'C:/Users/mu08984/Desktop/WED_FINAL1/COMBINED/wasiq_magic/dld_project' since last save.
Scanning sources...
Finished scanning sources
INFO: [IP_Flow 19-234] Refreshing IP repositories
INFO: [IP_Flow 19-1704] No user IP repositories specified
INFO: [IP_Flow 19-2313] Loaded Vivado IP repository 'C:/Xilinx/Vivado/2020.1/data/ip'.
open_project: Time (s): cpu = 00:00:35 ; elapsed = 00:00:57 . Memory (MB): peak = 1026.828 ; gain = 0.000
update_compile_order -fileset sources_1
synth_design -rtl -name rtl_1
Command: synth_design -rtl -name rtl_1
Starting synth_design
Using part: xc7a35tcpg236-1
Top: TopLevelModule
INFO: [Device 21-403] Loading part xc7a35tcpg236-1
WARNING: [Synth 8-2611] redeclaration of ansi port clk_d is not allowed [C:/Users/salty/OneDrive/Desktop/WED_FINAL1/COMBINED/wasiq_magic/dld_project/dld_project.srcs/sources_1/new/clk_div.v:5]
WARNING: [Synth 8-2611] redeclaration of ansi port count is not allowed [C:/Users/salty/OneDrive/Desktop/WED_FINAL1/COMBINED/wasiq_magic/dld_project/dld_project.srcs/sources_1/new/h_counter.v:6]
WARNING: [Synth 8-2611] redeclaration of ansi port trig_v is not allowed [C:/Users/salty/OneDrive/Desktop/WED_FINAL1/COMBINED/wasiq_magic/dld_project/dld_project.srcs/sources_1/new/h_counter.v:7]
WARNING: [Synth 8-2611] redeclaration of ansi port enemy2_x_reg is not allowed [C:/Users/salty/OneDrive/Desktop/WED_FINAL1/COMBINED/wasiq_magic/dld_project/dld_project.srcs/sources_1/new/integrated_game.v:50]
WARNING: [Synth 8-2611] redeclaration of ansi port enemy2_y_reg is not allowed [C:/Users/salty/OneDrive/Desktop/WED_FINAL1/COMBINED/wasiq_magic/dld_project/dld_project.srcs/sources_1/new/integrated_game.v:50]
WARNING: [Synth 8-2611] redeclaration of ansi port enemy4_x_reg is not allowed [C:/Users/salty/OneDrive/Desktop/WED_FINAL1/COMBINED/wasiq_magic/dld_project/dld_project.srcs/sources_1/new/integrated_game.v:52]
WARNING: [Synth 8-2611] redeclaration of ansi port enemy4_y_reg is not allowed [C:/Users/salty/OneDrive/Desktop/WED_FINAL1/COMBINED/wasiq_magic/dld_project/dld_project.srcs/sources_1/new/integrated_game.v:52]
WARNING: [Synth 8-2611] redeclaration of ansi port v_count is not allowed [C:/Users/salty/OneDrive/Desktop/WED_FINAL1/COMBINED/wasiq_magic/dld_project/dld_project.srcs/sources_1/new/v_counter.v:6]
---------------------------------------------------------------------------------
Starting RTL Elaboration : Time (s): cpu = 00:00:14 ; elapsed = 00:00:29 . Memory (MB): peak = 1288.746 ; gain = 241.395
---------------------------------------------------------------------------------
INFO: [Synth 8-6157] synthesizing module 'TopLevelModule' [C:/Users/salty/OneDrive/Desktop/WED_FINAL1/COMBINED/wasiq_magic/dld_project/dld_project.srcs/sources_1/new/TopLevelModule.v:3]
	Parameter START_SCREEN_STATE bound to: 2'b00 
	Parameter GAME_STATE bound to: 2'b01 
	Parameter END_SCREEN_STATE bound to: 2'b10 
INFO: [Synth 8-6157] synthesizing module 'PS2' [C:/Users/salty/OneDrive/Desktop/WED_FINAL1/COMBINED/wasiq_magic/dld_project/dld_project.srcs/sources_1/new/PS2.v:3]
INFO: [Synth 8-6157] synthesizing module 'deb' [C:/Users/salty/OneDrive/Desktop/WED_FINAL1/COMBINED/wasiq_magic/dld_project/dld_project.srcs/sources_1/new/debounce2.v:3]
INFO: [Synth 8-6155] done synthesizing module 'deb' (1#1) [C:/Users/salty/OneDrive/Desktop/WED_FINAL1/COMBINED/wasiq_magic/dld_project/dld_project.srcs/sources_1/new/debounce2.v:3]
INFO: [Synth 8-155] case statement is not full and has no default [C:/Users/salty/OneDrive/Desktop/WED_FINAL1/COMBINED/wasiq_magic/dld_project/dld_project.srcs/sources_1/new/PS2.v:29]
INFO: [Synth 8-6155] done synthesizing module 'PS2' (2#1) [C:/Users/salty/OneDrive/Desktop/WED_FINAL1/COMBINED/wasiq_magic/dld_project/dld_project.srcs/sources_1/new/PS2.v:3]
INFO: [Synth 8-6157] synthesizing module 'top_startscreen' [C:/Users/salty/OneDrive/Desktop/WED_FINAL1/COMBINED/wasiq_magic/dld_project/dld_project.srcs/sources_1/new/top_startscreen.v:1]
INFO: [Synth 8-6157] synthesizing module 'clk_div' [C:/Users/salty/OneDrive/Desktop/WED_FINAL1/COMBINED/wasiq_magic/dld_project/dld_project.srcs/sources_1/new/clk_div.v:1]
	Parameter div_value bound to: 1 - type: integer 
INFO: [Synth 8-6155] done synthesizing module 'clk_div' (3#1) [C:/Users/salty/OneDrive/Desktop/WED_FINAL1/COMBINED/wasiq_magic/dld_project/dld_project.srcs/sources_1/new/clk_div.v:1]
INFO: [Synth 8-6157] synthesizing module 'h_counter' [C:/Users/salty/OneDrive/Desktop/WED_FINAL1/COMBINED/wasiq_magic/dld_project/dld_project.srcs/sources_1/new/h_counter.v:1]
INFO: [Synth 8-6155] done synthesizing module 'h_counter' (4#1) [C:/Users/salty/OneDrive/Desktop/WED_FINAL1/COMBINED/wasiq_magic/dld_project/dld_project.srcs/sources_1/new/h_counter.v:1]
INFO: [Synth 8-6157] synthesizing module 'v_counter' [C:/Users/salty/OneDrive/Desktop/WED_FINAL1/COMBINED/wasiq_magic/dld_project/dld_project.srcs/sources_1/new/v_counter.v:1]
INFO: [Synth 8-6155] done synthesizing module 'v_counter' (5#1) [C:/Users/salty/OneDrive/Desktop/WED_FINAL1/COMBINED/wasiq_magic/dld_project/dld_project.srcs/sources_1/new/v_counter.v:1]
INFO: [Synth 8-6157] synthesizing module 'vga_sync' [C:/Users/salty/OneDrive/Desktop/WED_FINAL1/COMBINED/wasiq_magic/dld_project/dld_project.srcs/sources_1/new/vga_sync.v:1]
	Parameter HD bound to: 640 - type: integer 
	Parameter HF bound to: 16 - type: integer 
	Parameter HB bound to: 48 - type: integer 
	Parameter HR bound to: 96 - type: integer 
	Parameter VD bound to: 480 - type: integer 
	Parameter VF bound to: 10 - type: integer 
	Parameter VB bound to: 33 - type: integer 
	Parameter VR bound to: 2 - type: integer 
INFO: [Synth 8-6155] done synthesizing module 'vga_sync' (6#1) [C:/Users/salty/OneDrive/Desktop/WED_FINAL1/COMBINED/wasiq_magic/dld_project/dld_project.srcs/sources_1/new/vga_sync.v:1]
INFO: [Synth 8-6157] synthesizing module 'start_game' [C:/Users/salty/OneDrive/Desktop/WED_FINAL1/COMBINED/wasiq_magic/dld_project/dld_project.srcs/sources_1/new/start_game.v:1]
INFO: [Synth 8-6155] done synthesizing module 'start_game' (7#1) [C:/Users/salty/OneDrive/Desktop/WED_FINAL1/COMBINED/wasiq_magic/dld_project/dld_project.srcs/sources_1/new/start_game.v:1]
INFO: [Synth 8-6155] done synthesizing module 'top_startscreen' (8#1) [C:/Users/salty/OneDrive/Desktop/WED_FINAL1/COMBINED/wasiq_magic/dld_project/dld_project.srcs/sources_1/new/top_startscreen.v:1]
INFO: [Synth 8-6157] synthesizing module 'top_game' [C:/Users/salty/OneDrive/Desktop/WED_FINAL1/COMBINED/wasiq_magic/dld_project/dld_project.srcs/sources_1/new/top_game.v:1]
INFO: [Synth 8-6157] synthesizing module 'new_binary_score' [C:/Users/salty/OneDrive/Desktop/WED_FINAL1/COMBINED/wasiq_magic/dld_project/dld_project.srcs/sources_1/new/new_binary_score.v:3]
INFO: [Synth 8-6155] done synthesizing module 'new_binary_score' (9#1) [C:/Users/salty/OneDrive/Desktop/WED_FINAL1/COMBINED/wasiq_magic/dld_project/dld_project.srcs/sources_1/new/new_binary_score.v:3]
INFO: [Synth 8-6157] synthesizing module 'debounce' [C:/Users/salty/OneDrive/Desktop/WED_FINAL1/COMBINED/wasiq_magic/dld_project/dld_project.srcs/sources_1/new/debouncer.v:1]
INFO: [Synth 8-6155] done synthesizing module 'debounce' (10#1) [C:/Users/salty/OneDrive/Desktop/WED_FINAL1/COMBINED/wasiq_magic/dld_project/dld_project.srcs/sources_1/new/debouncer.v:1]
INFO: [Synth 8-6157] synthesizing module 'integrated_system' [C:/Users/salty/OneDrive/Desktop/WED_FINAL1/COMBINED/wasiq_magic/dld_project/dld_project.srcs/sources_1/new/integrated_system.v:3]
INFO: [Synth 8-6157] synthesizing module 'jumping_mario' [C:/Users/salty/OneDrive/Desktop/WED_FINAL1/COMBINED/wasiq_magic/dld_project/dld_project.srcs/sources_1/new/jump_gen.v:3]
	Parameter X_MAX bound to: 639 - type: integer 
	Parameter Y_MAX bound to: 479 - type: integer 
	Parameter BG_RED bound to: 4'b0000 
	Parameter BG_GREEN bound to: 4'b0000 
	Parameter BG_BLUE bound to: 4'b0000 
	Parameter MARIO_WIDTH bound to: 56 - type: integer 
	Parameter MARIO_HEIGHT bound to: 64 - type: integer 
	Parameter JUMP_HEIGHT bound to: 245 - type: integer 
	Parameter GRAVITY_DELAY bound to: 0 - type: integer 
INFO: [Synth 8-6157] synthesizing module 'mario_rom' [C:/Users/salty/OneDrive/Desktop/WED_FINAL1/COMBINED/wasiq_magic/dld_project/dld_project.srcs/sources_1/new/mario_rom.v:1]
INFO: [Synth 8-6155] done synthesizing module 'mario_rom' (11#1) [C:/Users/salty/OneDrive/Desktop/WED_FINAL1/COMBINED/wasiq_magic/dld_project/dld_project.srcs/sources_1/new/mario_rom.v:1]
INFO: [Synth 8-6155] done synthesizing module 'jumping_mario' (12#1) [C:/Users/salty/OneDrive/Desktop/WED_FINAL1/COMBINED/wasiq_magic/dld_project/dld_project.srcs/sources_1/new/jump_gen.v:3]
INFO: [Synth 8-6157] synthesizing module 'integrated_pixel_gen' [C:/Users/salty/OneDrive/Desktop/WED_FINAL1/COMBINED/wasiq_magic/dld_project/dld_project.srcs/sources_1/new/integrated_game.v:3]
	Parameter TENTH_X_L bound to: 64 - type: integer 
	Parameter TENTH_X_R bound to: 95 - type: integer 
	Parameter ONE_X_L bound to: 96 - type: integer 
	Parameter ONE_X_R bound to: 127 - type: integer 
	Parameter DIGIT_Y_T bound to: 0 - type: integer 
	Parameter DIGIT_Y_B bound to: 63 - type: integer 
	Parameter X_MAX bound to: 639 - type: integer 
	Parameter Y_MAX bound to: 479 - type: integer 
	Parameter ENEMY1_WIDTH bound to: 68 - type: integer 
	Parameter ENEMY1_HEIGHT bound to: 58 - type: integer 
	Parameter ENEMY2_WIDTH bound to: 28 - type: integer 
	Parameter ENEMY2_HEIGHT bound to: 38 - type: integer 
	Parameter ENEMY3_WIDTH bound to: 38 - type: integer 
	Parameter ENEMY3_HEIGHT bound to: 26 - type: integer 
	Parameter ENEMY4_WIDTH bound to: 62 - type: integer 
	Parameter ENEMY4_HEIGHT bound to: 54 - type: integer 
	Parameter ENEMY5_WIDTH bound to: 27 - type: integer 
	Parameter ENEMY5_HEIGHT bound to: 31 - type: integer 
	Parameter GROUND_Y_T bound to: 447 - type: integer 
	Parameter GROUND_Y_B bound to: 479 - type: integer 
	Parameter GROUND_WIDTH bound to: 640 - type: integer 
	Parameter GROUND_HEIGHT bound to: 32 - type: integer 
	Parameter BG_RED bound to: 4'b1000 
	Parameter BG_GREEN bound to: 4'b0101 
	Parameter BG_BLUE bound to: 4'b1011 
	Parameter DIGIT_RED bound to: 4'b0000 
	Parameter DIGIT_GREEN bound to: 4'b1111 
	Parameter DIGIT_BLUE bound to: 4'b0000 
	Parameter GROUND_RED bound to: 4'b1111 
	Parameter GROUND_GREEN bound to: 4'b1111 
	Parameter GROUND_BLUE bound to: 4'b1111 
INFO: [Synth 8-6157] synthesizing module 'score_digit_rom' [C:/Users/salty/OneDrive/Desktop/WED_FINAL1/COMBINED/wasiq_magic/dld_project/dld_project.srcs/sources_1/new/score_digit_rom.v:3]
INFO: [Synth 8-6155] done synthesizing module 'score_digit_rom' (13#1) [C:/Users/salty/OneDrive/Desktop/WED_FINAL1/COMBINED/wasiq_magic/dld_project/dld_project.srcs/sources_1/new/score_digit_rom.v:3]
INFO: [Synth 8-6157] synthesizing module 'ground_rom' [C:/Users/salty/OneDrive/Desktop/WED_FINAL1/COMBINED/wasiq_magic/dld_project/dld_project.srcs/sources_1/new/ground_rom.v:1]
INFO: [Synth 8-6155] done synthesizing module 'ground_rom' (14#1) [C:/Users/salty/OneDrive/Desktop/WED_FINAL1/COMBINED/wasiq_magic/dld_project/dld_project.srcs/sources_1/new/ground_rom.v:1]
INFO: [Synth 8-6157] synthesizing module 'bowser_enemy_rom' [C:/Users/salty/OneDrive/Desktop/WED_FINAL1/COMBINED/wasiq_magic/dld_project/dld_project.srcs/sources_1/new/bowser_rom.v:1]
INFO: [Synth 8-6155] done synthesizing module 'bowser_enemy_rom' (15#1) [C:/Users/salty/OneDrive/Desktop/WED_FINAL1/COMBINED/wasiq_magic/dld_project/dld_project.srcs/sources_1/new/bowser_rom.v:1]
INFO: [Synth 8-6157] synthesizing module 'laal_enemy_rom' [C:/Users/salty/OneDrive/Desktop/WED_FINAL1/COMBINED/wasiq_magic/dld_project/dld_project.srcs/sources_1/new/goblin_rom.v:1]
INFO: [Synth 8-6155] done synthesizing module 'laal_enemy_rom' (16#1) [C:/Users/salty/OneDrive/Desktop/WED_FINAL1/COMBINED/wasiq_magic/dld_project/dld_project.srcs/sources_1/new/goblin_rom.v:1]
INFO: [Synth 8-6157] synthesizing module 'ghost_enemy_rom' [C:/Users/salty/OneDrive/Desktop/WED_FINAL1/COMBINED/wasiq_magic/dld_project/dld_project.srcs/sources_1/new/ghost_rom.v:1]
INFO: [Synth 8-6155] done synthesizing module 'ghost_enemy_rom' (17#1) [C:/Users/salty/OneDrive/Desktop/WED_FINAL1/COMBINED/wasiq_magic/dld_project/dld_project.srcs/sources_1/new/ghost_rom.v:1]
INFO: [Synth 8-6157] synthesizing module 'scary_enemy_rom' [C:/Users/salty/OneDrive/Desktop/WED_FINAL1/COMBINED/wasiq_magic/dld_project/dld_project.srcs/sources_1/new/scary_rom.v:1]
INFO: [Synth 8-6155] done synthesizing module 'scary_enemy_rom' (18#1) [C:/Users/salty/OneDrive/Desktop/WED_FINAL1/COMBINED/wasiq_magic/dld_project/dld_project.srcs/sources_1/new/scary_rom.v:1]
INFO: [Synth 8-6157] synthesizing module 'dirt_enemy_rom' [C:/Users/salty/OneDrive/Desktop/WED_FINAL1/COMBINED/wasiq_magic/dld_project/dld_project.srcs/sources_1/new/dirt_rom.v:1]
INFO: [Synth 8-6155] done synthesizing module 'dirt_enemy_rom' (19#1) [C:/Users/salty/OneDrive/Desktop/WED_FINAL1/COMBINED/wasiq_magic/dld_project/dld_project.srcs/sources_1/new/dirt_rom.v:1]
INFO: [Synth 8-6155] done synthesizing module 'integrated_pixel_gen' (20#1) [C:/Users/salty/OneDrive/Desktop/WED_FINAL1/COMBINED/wasiq_magic/dld_project/dld_project.srcs/sources_1/new/integrated_game.v:3]
WARNING: [Synth 8-689] width (1) of port connection 'enemy4_width' does not match port width (10) of module 'integrated_pixel_gen' [C:/Users/salty/OneDrive/Desktop/WED_FINAL1/COMBINED/wasiq_magic/dld_project/dld_project.srcs/sources_1/new/integrated_system.v:66]
WARNING: [Synth 8-689] width (1) of port connection 'enemy4_height' does not match port width (10) of module 'integrated_pixel_gen' [C:/Users/salty/OneDrive/Desktop/WED_FINAL1/COMBINED/wasiq_magic/dld_project/dld_project.srcs/sources_1/new/integrated_system.v:67]
WARNING: [Synth 8-689] width (1) of port connection 'enemy2_width' does not match port width (10) of module 'integrated_pixel_gen' [C:/Users/salty/OneDrive/Desktop/WED_FINAL1/COMBINED/wasiq_magic/dld_project/dld_project.srcs/sources_1/new/integrated_system.v:68]
WARNING: [Synth 8-689] width (1) of port connection 'enemy2_height' does not match port width (10) of module 'integrated_pixel_gen' [C:/Users/salty/OneDrive/Desktop/WED_FINAL1/COMBINED/wasiq_magic/dld_project/dld_project.srcs/sources_1/new/integrated_system.v:69]
INFO: [Synth 8-6155] done synthesizing module 'integrated_system' (21#1) [C:/Users/salty/OneDrive/Desktop/WED_FINAL1/COMBINED/wasiq_magic/dld_project/dld_project.srcs/sources_1/new/integrated_system.v:3]
INFO: [Synth 8-6155] done synthesizing module 'top_game' (22#1) [C:/Users/salty/OneDrive/Desktop/WED_FINAL1/COMBINED/wasiq_magic/dld_project/dld_project.srcs/sources_1/new/top_game.v:1]
INFO: [Synth 8-6157] synthesizing module 'top_endscreen' [C:/Users/salty/OneDrive/Desktop/WED_FINAL1/COMBINED/wasiq_magic/dld_project/dld_project.srcs/sources_1/new/top_endscreen.v:2]
INFO: [Synth 8-6157] synthesizing module 'end_game' [C:/Users/salty/OneDrive/Desktop/WED_FINAL1/COMBINED/wasiq_magic/dld_project/dld_project.srcs/sources_1/new/end_game.v:1]
INFO: [Synth 8-6155] done synthesizing module 'end_game' (23#1) [C:/Users/salty/OneDrive/Desktop/WED_FINAL1/COMBINED/wasiq_magic/dld_project/dld_project.srcs/sources_1/new/end_game.v:1]
INFO: [Synth 8-6157] synthesizing module 'win_game' [C:/Users/salty/OneDrive/Desktop/WED_FINAL1/COMBINED/wasiq_magic/dld_project/dld_project.srcs/sources_1/new/win_game.v:1]
INFO: [Synth 8-6155] done synthesizing module 'win_game' (24#1) [C:/Users/salty/OneDrive/Desktop/WED_FINAL1/COMBINED/wasiq_magic/dld_project/dld_project.srcs/sources_1/new/win_game.v:1]
INFO: [Synth 8-6155] done synthesizing module 'top_endscreen' (25#1) [C:/Users/salty/OneDrive/Desktop/WED_FINAL1/COMBINED/wasiq_magic/dld_project/dld_project.srcs/sources_1/new/top_endscreen.v:2]
INFO: [Synth 8-6155] done synthesizing module 'TopLevelModule' (26#1) [C:/Users/salty/OneDrive/Desktop/WED_FINAL1/COMBINED/wasiq_magic/dld_project/dld_project.srcs/sources_1/new/TopLevelModule.v:3]
---------------------------------------------------------------------------------
Finished RTL Elaboration : Time (s): cpu = 00:00:19 ; elapsed = 00:00:45 . Memory (MB): peak = 1394.402 ; gain = 347.051
---------------------------------------------------------------------------------
---------------------------------------------------------------------------------
Start Handling Custom Attributes
---------------------------------------------------------------------------------
---------------------------------------------------------------------------------
Finished Handling Custom Attributes : Time (s): cpu = 00:00:22 ; elapsed = 00:00:53 . Memory (MB): peak = 1394.402 ; gain = 347.051
---------------------------------------------------------------------------------
---------------------------------------------------------------------------------
Finished RTL Optimization Phase 1 : Time (s): cpu = 00:00:22 ; elapsed = 00:00:53 . Memory (MB): peak = 1394.402 ; gain = 347.051
---------------------------------------------------------------------------------
Netlist sorting complete. Time (s): cpu = 00:00:00 ; elapsed = 00:00:00.181 . Memory (MB): peak = 1394.402 ; gain = 0.000
INFO: [Project 1-570] Preparing netlist for logic optimization

Processing XDC Constraints
Initializing timing engine
Parsing XDC File [C:/Users/salty/OneDrive/Desktop/WED_FINAL1/COMBINED/wasiq_magic/dld_project/dld_project.srcs/constrs_1/new/vga_connector.xdc]
Finished Parsing XDC File [C:/Users/salty/OneDrive/Desktop/WED_FINAL1/COMBINED/wasiq_magic/dld_project/dld_project.srcs/constrs_1/new/vga_connector.xdc]
Completed Processing XDC Constraints

INFO: [Opt 31-138] Pushed 0 inverter(s) to 0 load pin(s).
Netlist sorting complete. Time (s): cpu = 00:00:00 ; elapsed = 00:00:00.005 . Memory (MB): peak = 1483.867 ; gain = 0.000
INFO: [Project 1-111] Unisim Transformation Summary:
No Unisim elements were transformed.

RTL Elaboration Complete:  : Time (s): cpu = 00:00:47 ; elapsed = 00:01:32 . Memory (MB): peak = 1483.867 ; gain = 436.516
57 Infos, 12 Warnings, 0 Critical Warnings and 0 Errors encountered.
synth_design completed successfully
synth_design: Time (s): cpu = 00:01:02 ; elapsed = 00:03:17 . Memory (MB): peak = 1483.867 ; gain = 457.039
close_design
close_design: Time (s): cpu = 00:00:06 ; elapsed = 00:00:06 . Memory (MB): peak = 1486.883 ; gain = 3.016
reset_run synth_1
launch_runs impl_1 -to_step write_bitstream
[Fri Dec 13 01:54:26 2024] Launched synth_1...
Run output will be captured here: C:/Users/salty/OneDrive/Desktop/WED_FINAL1/COMBINED/wasiq_magic/dld_project/dld_project.runs/synth_1/runme.log
[Fri Dec 13 01:54:26 2024] Launched impl_1...
Run output will be captured here: C:/Users/salty/OneDrive/Desktop/WED_FINAL1/COMBINED/wasiq_magic/dld_project/dld_project.runs/impl_1/runme.log
reset_run synth_1
launch_runs impl_1 -to_step write_bitstream
[Fri Dec 13 01:56:23 2024] Launched synth_1...
Run output will be captured here: C:/Users/salty/OneDrive/Desktop/WED_FINAL1/COMBINED/wasiq_magic/dld_project/dld_project.runs/synth_1/runme.log
[Fri Dec 13 01:56:23 2024] Launched impl_1...
Run output will be captured here: C:/Users/salty/OneDrive/Desktop/WED_FINAL1/COMBINED/wasiq_magic/dld_project/dld_project.runs/impl_1/runme.log
open_hw_manager
connect_hw_server -allow_non_jtag
INFO: [Labtools 27-2285] Connecting to hw_server url TCP:localhost:3121
INFO: [Labtools 27-2222] Launching hw_server...
INFO: [Labtools 27-2221] Launch Output:

****** Xilinx hw_server v2020.1
  **** Build date : May 27 2020 at 20:24:38
    ** Copyright 1986-2020 Xilinx, Inc. All Rights Reserved.


INFO: [Labtools 27-3415] Connecting to cs_server url TCP:localhost:3042
INFO: [Labtools 27-3417] Launching cs_server...
INFO: [Labtools 27-2221] Launch Output:


****** Xilinx cs_server v2020.1.0
  **** Build date : May 14 2020-06:10:29
    ** Copyright 2017-2020 Xilinx, Inc. All Rights Reserved.



connect_hw_server: Time (s): cpu = 00:00:01 ; elapsed = 00:00:14 . Memory (MB): peak = 1486.883 ; gain = 0.000
open_hw_target
INFO: [Labtoolstcl 44-466] Opening hw_target localhost:3121/xilinx_tcf/Digilent/210183AF304FA
open_hw_target: Time (s): cpu = 00:00:11 ; elapsed = 00:00:13 . Memory (MB): peak = 2667.105 ; gain = 1180.223
set_property PROGRAM.FILE {C:/Users/salty/OneDrive/Desktop/WED_FINAL1/COMBINED/wasiq_magic/dld_project/dld_project.runs/impl_1/TopLevelModule.bit} [get_hw_devices xc7a35t_0]
current_hw_device [get_hw_devices xc7a35t_0]
refresh_hw_device -update_hw_probes false [lindex [get_hw_devices xc7a35t_0] 0]
INFO: [Labtools 27-1435] Device xc7a35t (JTAG device index = 0) is not programmed (DONE status = 0).
set_property PROBES.FILE {} [get_hw_devices xc7a35t_0]
set_property FULL_PROBES.FILE {} [get_hw_devices xc7a35t_0]
set_property PROGRAM.FILE {C:/Users/salty/OneDrive/Desktop/WED_FINAL1/COMBINED/wasiq_magic/dld_project/dld_project.runs/impl_1/TopLevelModule.bit} [get_hw_devices xc7a35t_0]
program_hw_devices [get_hw_devices xc7a35t_0]
INFO: [Labtools 27-3164] End of startup status: HIGH
refresh_hw_device [lindex [get_hw_devices xc7a35t_0] 0]
INFO: [Labtools 27-1434] Device xc7a35t (JTAG device index = 0) is programmed with a design that has no supported debug core(s) in it.
set_property PROBES.FILE {} [get_hw_devices xc7a35t_0]
set_property FULL_PROBES.FILE {} [get_hw_devices xc7a35t_0]
set_property PROGRAM.FILE {C:/Users/salty/OneDrive/Desktop/WED_FINAL1/COMBINED/wasiq_magic/dld_project/dld_project.runs/impl_1/TopLevelModule.bit} [get_hw_devices xc7a35t_0]
program_hw_devices [get_hw_devices xc7a35t_0]
INFO: [Labtools 27-3164] End of startup status: HIGH
refresh_hw_device [lindex [get_hw_devices xc7a35t_0] 0]
INFO: [Labtools 27-1434] Device xc7a35t (JTAG device index = 0) is programmed with a design that has no supported debug core(s) in it.
set_property PROBES.FILE {} [get_hw_devices xc7a35t_0]
set_property FULL_PROBES.FILE {} [get_hw_devices xc7a35t_0]
set_property PROGRAM.FILE {C:/Users/salty/OneDrive/Desktop/WED_FINAL1/COMBINED/wasiq_magic/dld_project/dld_project.runs/impl_1/TopLevelModule.bit} [get_hw_devices xc7a35t_0]
program_hw_devices [get_hw_devices xc7a35t_0]
INFO: [Labtools 27-3164] End of startup status: HIGH
refresh_hw_device [lindex [get_hw_devices xc7a35t_0] 0]
INFO: [Labtools 27-1434] Device xc7a35t (JTAG device index = 0) is programmed with a design that has no supported debug core(s) in it.
reset_run synth_1
launch_runs impl_1 -to_step write_bitstream
[Fri Dec 13 02:12:15 2024] Launched synth_1...
Run output will be captured here: C:/Users/salty/OneDrive/Desktop/WED_FINAL1/COMBINED/wasiq_magic/dld_project/dld_project.runs/synth_1/runme.log
[Fri Dec 13 02:12:15 2024] Launched impl_1...
Run output will be captured here: C:/Users/salty/OneDrive/Desktop/WED_FINAL1/COMBINED/wasiq_magic/dld_project/dld_project.runs/impl_1/runme.log
set_property PROBES.FILE {} [get_hw_devices xc7a35t_0]
set_property FULL_PROBES.FILE {} [get_hw_devices xc7a35t_0]
set_property PROGRAM.FILE {C:/Users/salty/OneDrive/Desktop/WED_FINAL1/COMBINED/wasiq_magic/dld_project/dld_project.runs/impl_1/TopLevelModule.bit} [get_hw_devices xc7a35t_0]
program_hw_devices [get_hw_devices xc7a35t_0]
INFO: [Labtools 27-3164] End of startup status: HIGH
refresh_hw_device [lindex [get_hw_devices xc7a35t_0] 0]
INFO: [Labtools 27-1434] Device xc7a35t (JTAG device index = 0) is programmed with a design that has no supported debug core(s) in it.
reset_run synth_1
launch_runs impl_1 -to_step write_bitstream
[Fri Dec 13 02:23:39 2024] Launched synth_1...
Run output will be captured here: C:/Users/salty/OneDrive/Desktop/WED_FINAL1/COMBINED/wasiq_magic/dld_project/dld_project.runs/synth_1/runme.log
[Fri Dec 13 02:23:39 2024] Launched impl_1...
Run output will be captured here: C:/Users/salty/OneDrive/Desktop/WED_FINAL1/COMBINED/wasiq_magic/dld_project/dld_project.runs/impl_1/runme.log
set_property PROBES.FILE {} [get_hw_devices xc7a35t_0]
set_property FULL_PROBES.FILE {} [get_hw_devices xc7a35t_0]
set_property PROGRAM.FILE {C:/Users/salty/OneDrive/Desktop/WED_FINAL1/COMBINED/wasiq_magic/dld_project/dld_project.runs/impl_1/TopLevelModule.bit} [get_hw_devices xc7a35t_0]
program_hw_devices [get_hw_devices xc7a35t_0]
INFO: [Labtools 27-3164] End of startup status: HIGH
program_hw_devices: Time (s): cpu = 00:00:13 ; elapsed = 00:00:15 . Memory (MB): peak = 2696.723 ; gain = 0.000
refresh_hw_device [lindex [get_hw_devices xc7a35t_0] 0]
INFO: [Labtools 27-1434] Device xc7a35t (JTAG device index = 0) is programmed with a design that has no supported debug core(s) in it.
set_property PROBES.FILE {} [get_hw_devices xc7a35t_0]
set_property FULL_PROBES.FILE {} [get_hw_devices xc7a35t_0]
set_property PROGRAM.FILE {C:/Users/salty/OneDrive/Desktop/WED_FINAL1/COMBINED/wasiq_magic/dld_project/dld_project.runs/impl_1/TopLevelModule.bit} [get_hw_devices xc7a35t_0]
program_hw_devices [get_hw_devices xc7a35t_0]
INFO: [Labtools 27-3164] End of startup status: HIGH
refresh_hw_device [lindex [get_hw_devices xc7a35t_0] 0]
INFO: [Labtools 27-1434] Device xc7a35t (JTAG device index = 0) is programmed with a design that has no supported debug core(s) in it.
ERROR: [Labtoolstcl 44-513] HW Target shutdown. Closing target: localhost:3121/xilinx_tcf/Digilent/210183AF304FA
reset_run synth_1
launch_runs impl_1 -to_step write_bitstream
[Fri Dec 13 07:12:36 2024] Launched synth_1...
Run output will be captured here: C:/Users/salty/OneDrive/Desktop/WED_FINAL1/COMBINED/wasiq_magic/dld_project/dld_project.runs/synth_1/runme.log
[Fri Dec 13 07:12:36 2024] Launched impl_1...
Run output will be captured here: C:/Users/salty/OneDrive/Desktop/WED_FINAL1/COMBINED/wasiq_magic/dld_project/dld_project.runs/impl_1/runme.log
INFO: [Labtoolstcl 44-466] Opening hw_target localhost:3121/xilinx_tcf/Digilent/210183AF304FA
INFO: [Labtools 27-1435] Device xc7a35t (JTAG device index = 0) is not programmed (DONE status = 0).
WARNING: [Labtoolstcl 44-129] No matching hw_ila_data was found.
set_property PROBES.FILE {} [get_hw_devices xc7a35t_0]
set_property FULL_PROBES.FILE {} [get_hw_devices xc7a35t_0]
set_property PROGRAM.FILE {C:/Users/salty/OneDrive/Desktop/WED_FINAL1/COMBINED/wasiq_magic/dld_project/dld_project.runs/impl_1/TopLevelModule.bit} [get_hw_devices xc7a35t_0]
program_hw_devices [get_hw_devices xc7a35t_0]
INFO: [Labtools 27-3164] End of startup status: HIGH
refresh_hw_device [lindex [get_hw_devices xc7a35t_0] 0]
INFO: [Labtools 27-1434] Device xc7a35t (JTAG device index = 0) is programmed with a design that has no supported debug core(s) in it.
ERROR: [Labtoolstcl 44-513] HW Target shutdown. Closing target: localhost:3121/xilinx_tcf/Digilent/210183AF304FA
INFO: [Labtoolstcl 44-466] Opening hw_target localhost:3121/xilinx_tcf/Digilent/210183AF304FA
INFO: [Labtools 27-1435] Device xc7a35t (JTAG device index = 0) is not programmed (DONE status = 0).
WARNING: [Labtoolstcl 44-129] No matching hw_ila_data was found.
set_property PROBES.FILE {} [get_hw_devices xc7a35t_0]
set_property FULL_PROBES.FILE {} [get_hw_devices xc7a35t_0]
set_property PROGRAM.FILE {C:/Users/salty/OneDrive/Desktop/WED_FINAL1/COMBINED/wasiq_magic/dld_project/dld_project.runs/impl_1/TopLevelModule.bit} [get_hw_devices xc7a35t_0]
program_hw_devices [get_hw_devices xc7a35t_0]
INFO: [Labtools 27-3164] End of startup status: HIGH
refresh_hw_device [lindex [get_hw_devices xc7a35t_0] 0]
INFO: [Labtools 27-1434] Device xc7a35t (JTAG device index = 0) is programmed with a design that has no supported debug core(s) in it.
set_property PROBES.FILE {} [get_hw_devices xc7a35t_0]
set_property FULL_PROBES.FILE {} [get_hw_devices xc7a35t_0]
set_property PROGRAM.FILE {C:/Users/salty/OneDrive/Desktop/WED_FINAL1/COMBINED/wasiq_magic/dld_project/dld_project.runs/impl_1/TopLevelModule.bit} [get_hw_devices xc7a35t_0]
program_hw_devices [get_hw_devices xc7a35t_0]
INFO: [Labtools 27-3164] End of startup status: HIGH
refresh_hw_device [lindex [get_hw_devices xc7a35t_0] 0]
INFO: [Labtools 27-1434] Device xc7a35t (JTAG device index = 0) is programmed with a design that has no supported debug core(s) in it.
set_property PROBES.FILE {} [get_hw_devices xc7a35t_0]
set_property FULL_PROBES.FILE {} [get_hw_devices xc7a35t_0]
set_property PROGRAM.FILE {C:/Users/salty/OneDrive/Desktop/WED_FINAL1/COMBINED/wasiq_magic/dld_project/dld_project.runs/impl_1/TopLevelModule.bit} [get_hw_devices xc7a35t_0]
program_hw_devices [get_hw_devices xc7a35t_0]
INFO: [Labtools 27-3164] End of startup status: HIGH
refresh_hw_device [lindex [get_hw_devices xc7a35t_0] 0]
INFO: [Labtools 27-1434] Device xc7a35t (JTAG device index = 0) is programmed with a design that has no supported debug core(s) in it.
ERROR: [Labtoolstcl 44-513] HW Target shutdown. Closing target: localhost:3121/xilinx_tcf/Digilent/210183AF304FA
INFO: [Labtoolstcl 44-466] Opening hw_target localhost:3121/xilinx_tcf/Digilent/210183AF304FA
INFO: [Labtools 27-1434] Device xc7a35t (JTAG device index = 0) is programmed with a design that has no supported debug core(s) in it.
WARNING: [Labtoolstcl 44-129] No matching hw_ila_data was found.
set_property PROBES.FILE {} [get_hw_devices xc7a35t_0]
set_property FULL_PROBES.FILE {} [get_hw_devices xc7a35t_0]
set_property PROGRAM.FILE {C:/Users/salty/OneDrive/Desktop/WED_FINAL1/COMBINED/wasiq_magic/dld_project/dld_project.runs/impl_1/TopLevelModule.bit} [get_hw_devices xc7a35t_0]
program_hw_devices [get_hw_devices xc7a35t_0]
INFO: [Labtools 27-3164] End of startup status: HIGH
refresh_hw_device [lindex [get_hw_devices xc7a35t_0] 0]
INFO: [Labtools 27-1434] Device xc7a35t (JTAG device index = 0) is programmed with a design that has no supported debug core(s) in it.
reset_run synth_1
launch_runs impl_1 -to_step write_bitstream
[Fri Dec 13 08:19:04 2024] Launched synth_1...
Run output will be captured here: C:/Users/salty/OneDrive/Desktop/WED_FINAL1/COMBINED/wasiq_magic/dld_project/dld_project.runs/synth_1/runme.log
[Fri Dec 13 08:19:04 2024] Launched impl_1...
Run output will be captured here: C:/Users/salty/OneDrive/Desktop/WED_FINAL1/COMBINED/wasiq_magic/dld_project/dld_project.runs/impl_1/runme.log
set_property PROBES.FILE {} [get_hw_devices xc7a35t_0]
set_property FULL_PROBES.FILE {} [get_hw_devices xc7a35t_0]
set_property PROGRAM.FILE {C:/Users/salty/OneDrive/Desktop/WED_FINAL1/COMBINED/wasiq_magic/dld_project/dld_project.runs/impl_1/TopLevelModule.bit} [get_hw_devices xc7a35t_0]
program_hw_devices [get_hw_devices xc7a35t_0]
INFO: [Labtools 27-3164] End of startup status: HIGH
refresh_hw_device [lindex [get_hw_devices xc7a35t_0] 0]
INFO: [Labtools 27-1434] Device xc7a35t (JTAG device index = 0) is programmed with a design that has no supported debug core(s) in it.
reset_run synth_1
launch_runs impl_1 -to_step write_bitstream
[Fri Dec 13 08:28:59 2024] Launched synth_1...
Run output will be captured here: C:/Users/salty/OneDrive/Desktop/WED_FINAL1/COMBINED/wasiq_magic/dld_project/dld_project.runs/synth_1/runme.log
[Fri Dec 13 08:28:59 2024] Launched impl_1...
Run output will be captured here: C:/Users/salty/OneDrive/Desktop/WED_FINAL1/COMBINED/wasiq_magic/dld_project/dld_project.runs/impl_1/runme.log
set_property PROBES.FILE {} [get_hw_devices xc7a35t_0]
set_property FULL_PROBES.FILE {} [get_hw_devices xc7a35t_0]
set_property PROGRAM.FILE {C:/Users/salty/OneDrive/Desktop/WED_FINAL1/COMBINED/wasiq_magic/dld_project/dld_project.runs/impl_1/TopLevelModule.bit} [get_hw_devices xc7a35t_0]
program_hw_devices [get_hw_devices xc7a35t_0]
INFO: [Labtools 27-3164] End of startup status: HIGH
refresh_hw_device [lindex [get_hw_devices xc7a35t_0] 0]
INFO: [Labtools 27-1434] Device xc7a35t (JTAG device index = 0) is programmed with a design that has no supported debug core(s) in it.
reset_run synth_1
launch_runs impl_1 -to_step write_bitstream
[Fri Dec 13 08:39:56 2024] Launched synth_1...
Run output will be captured here: C:/Users/salty/OneDrive/Desktop/WED_FINAL1/COMBINED/wasiq_magic/dld_project/dld_project.runs/synth_1/runme.log
[Fri Dec 13 08:39:56 2024] Launched impl_1...
Run output will be captured here: C:/Users/salty/OneDrive/Desktop/WED_FINAL1/COMBINED/wasiq_magic/dld_project/dld_project.runs/impl_1/runme.log
set_property PROBES.FILE {} [get_hw_devices xc7a35t_0]
set_property FULL_PROBES.FILE {} [get_hw_devices xc7a35t_0]
set_property PROGRAM.FILE {C:/Users/salty/OneDrive/Desktop/WED_FINAL1/COMBINED/wasiq_magic/dld_project/dld_project.runs/impl_1/TopLevelModule.bit} [get_hw_devices xc7a35t_0]
program_hw_devices [get_hw_devices xc7a35t_0]
INFO: [Labtools 27-3164] End of startup status: HIGH
refresh_hw_device [lindex [get_hw_devices xc7a35t_0] 0]
INFO: [Labtools 27-1434] Device xc7a35t (JTAG device index = 0) is programmed with a design that has no supported debug core(s) in it.
ERROR: [Labtoolstcl 44-513] HW Target shutdown. Closing target: localhost:3121/xilinx_tcf/Digilent/210183AF304FA
exit
